{"meta": {"format": 3, "version": "7.10.7", "timestamp": "2026-06-18T12:46:22.452367", "branch_coverage": false, "show_contexts": false}, "files": {"conftest.py": {"executed_lines": [1, 3, 4, 6, 7, 9, 12, 13, 16, 18], "summary": {"covered_lines": 9, "num_statements": 11, "percent_covered": 81.81818181818181, "percent_covered_display": "82", "missing_lines": 2, "excluded_lines": 0}, "missing_lines": [19, 20], "excluded_lines": [], "functions": {"pytest_configure": {"executed_lines": [18], "summary": {"covered_lines": 1, "num_statements": 3, "percent_covered": 33.333333333333336, "percent_covered_display": "33", "missing_lines": 2, "excluded_lines": 0}, "missing_lines": [19, 20], "excluded_lines": []}, "": {"executed_lines": [1, 3, 4, 6, 7, 9, 12, 13, 16], "summary": {"covered_lines": 8, "num_statements": 8, "percent_covered": 100.0, "percent_covered_display": "100", "missing_lines": 0, "excluded_lines": 0}, "missing_lines": [], "excluded_lines": []}}, "classes": {"": {"executed_lines": [1, 3, 4, 6, 7, 9, 12, 13, 16, 18], "summary": {"covered_lines": 9, "num_statements": 11, "percent_covered": 81.81818181818181, "percent_covered_display": "82", "missing_lines": 2, "excluded_lines": 0}, "missing_lines": [19, 20], "excluded_lines": []}}}, "django_workflow_engine/__init__.py": {"executed_lines": [1, 7, 8, 9, 11, 14, 16, 17, 21, 28, 29, 32], "summary": {"covered_lines": 11, "num_statements": 13, "percent_covered": 84.61538461538461, "percent_covered_display": "85", "missing_lines": 2, "excluded_lines": 0}, "missing_lines": [18, 19], "excluded_lines": [], "functions": {"_patch_role_selection_strategy_compat": {"executed_lines": [16, 17, 21, 28, 29], "summary": {"covered_lines": 5, "num_statements": 7, "percent_covered": 71.42857142857143, "percent_covered_display": "71", "missing_lines": 2, "excluded_lines": 0}, "missing_lines": [18, 19], "excluded_lines": []}, "": {"executed_lines": [1, 7, 8, 9, 11, 14, 32], "summary": {"covered_lines": 6, "num_statements": 6, "percent_covered": 100.0, "percent_covered_display": "100", "missing_lines": 0, "excluded_lines": 0}, "missing_lines": [], "excluded_lines": []}}, "classes": {"": {"executed_lines": [1, 7, 8, 9, 11, 14, 16, 17, 21, 28, 29, 32], "summary": {"covered_lines": 11, "num_statements": 13, "percent_covered": 84.61538461538461, "percent_covered_display": "85", "missing_lines": 2, "excluded_lines": 0}, "missing_lines": [18, 19], "excluded_lines": []}}}, "django_workflow_engine/action_executor.py": {"executed_lines": [1, 3, 4, 6, 7, 9, 10, 12, 15, 46, 58, 59, 72, 78, 115, 116, 117, 119, 124, 125, 126, 129, 130, 131, 132, 135, 143, 144, 150, 152, 158, 159, 160, 161, 163, 165, 171, 173, 174, 179, 182, 200, 202, 205, 209, 211, 214, 218, 224, 226, 227, 228, 266, 271, 279, 318, 323, 324, 326, 344, 346, 351, 353, 356, 358, 364, 365, 368], "summary": {"covered_lines": 67, "num_statements": 119, "percent_covered": 56.30252100840336, "percent_covered_display": "56", "missing_lines": 52, "excluded_lines": 0}, "missing_lines": [47, 50, 60, 64, 120, 121, 166, 167, 168, 169, 176, 191, 193, 194, 195, 197, 198, 230, 231, 233, 234, 237, 241, 242, 244, 245, 248, 252, 253, 255, 256, 259, 263, 264, 319, 320, 335, 336, 339, 341, 342, 370, 373, 375, 376, 377, 379, 380, 383, 385, 386, 389], "excluded_lines": [], "functions": {"_execute_action_securely": {"executed_lines": [46, 58, 59, 72], "summary": {"covered_lines": 4, "num_statements": 8, "percent_covered": 50.0, "percent_covered_display": "50", "missing_lines": 4, "excluded_lines": 0}, "missing_lines": [47, 50, 60, 64], "excluded_lines": []}, "execute_workflow_actions": {"executed_lines": [115, 116, 117, 119, 124, 125, 126, 129, 130, 131, 132, 135, 143, 144, 150, 152, 158, 159, 160, 161, 163, 165, 171, 173, 174, 179, 182, 200, 202, 205, 209, 211, 214, 218, 224, 226, 227, 228, 266, 271], "summary": {"covered_lines": 40, "num_statements": 70, "percent_covered": 57.142857142857146, "percent_covered_display": "57", "missing_lines": 30, "excluded_lines": 0}, "missing_lines": [120, 121, 166, 167, 168, 169, 176, 191, 193, 194, 195, 197, 198, 230, 231, 233, 234, 237, 241, 242, 244, 245, 248, 252, 253, 255, 256, 259, 263, 264], "excluded_lines": []}, "execute_custom_action": {"executed_lines": [318, 323, 324, 326, 344, 346, 351, 353, 356, 358, 364, 365, 368], "summary": {"covered_lines": 13, "num_statements": 31, "percent_covered": 41.935483870967744, "percent_covered_display": "42", "missing_lines": 18, "excluded_lines": 0}, "missing_lines": [319, 320, 335, 336, 339, 341, 342, 370, 373, 375, 376, 377, 379, 380, 383, 385, 386, 389], "excluded_lines": []}, "": {"executed_lines": [1, 3, 4, 6, 7, 9, 10, 12, 15, 78, 279], "summary": {"covered_lines": 10, "num_statements": 10, "percent_covered": 100.0, "percent_covered_display": "100", "missing_lines": 0, "excluded_lines": 0}, "missing_lines": [], "excluded_lines": []}}, "classes": {"": {"executed_lines": [1, 3, 4, 6, 7, 9, 10, 12, 15, 46, 58, 59, 72, 78, 115, 116, 117, 119, 124, 125, 126, 129, 130, 131, 132, 135, 143, 144, 150, 152, 158, 159, 160, 161, 163, 165, 171, 173, 174, 179, 182, 200, 202, 205, 209, 211, 214, 218, 224, 226, 227, 228, 266, 271, 279, 318, 323, 324, 326, 344, 346, 351, 353, 356, 358, 364, 365, 368], "summary": {"covered_lines": 67, "num_statements": 119, "percent_covered": 56.30252100840336, "percent_covered_display": "56", "missing_lines": 52, "excluded_lines": 0}, "missing_lines": [47, 50, 60, 64, 120, 121, 166, 167, 168, 169, 176, 191, 193, 194, 195, 197, 198, 230, 231, 233, 234, 237, 241, 242, 244, 245, 248, 252, 253, 255, 256, 259, 263, 264, 319, 320, 335, 336, 339, 341, 342, 370, 373, 375, 376, 377, 379, 380, 383, 385, 386, 389], "excluded_lines": []}}}, "django_workflow_engine/action_handlers.py": {"executed_lines": [1, 14, 15, 17, 20, 56, 79, 102, 125], "summary": {"covered_lines": 8, "num_statements": 18, "percent_covered": 44.44444444444444, "percent_covered_display": "44", "missing_lines": 10, "excluded_lines": 0}, "missing_lines": [49, 53, 72, 76, 95, 99, 118, 122, 141, 145], "excluded_lines": [], "functions": {"send_approval_notification": {"executed_lines": [], "summary": {"covered_lines": 0, "num_statements": 2, "percent_covered": 0.0, "percent_covered_display": "0", "missing_lines": 2, "excluded_lines": 0}, "missing_lines": [49, 53], "excluded_lines": []}, "send_rejection_notification": {"executed_lines": [], "summary": {"covered_lines": 0, "num_statements": 2, "percent_covered": 0.0, "percent_covered_display": "0", "missing_lines": 2, "excluded_lines": 0}, "missing_lines": [72, 76], "excluded_lines": []}, "send_resubmission_notification": {"executed_lines": [], "summary": {"covered_lines": 0, "num_statements": 2, "percent_covered": 0.0, "percent_covered_display": "0", "missing_lines": 2, "excluded_lines": 0}, "missing_lines": [95, 99], "excluded_lines": []}, "send_delegation_notification": {"executed_lines": [], "summary": {"covered_lines": 0, "num_statements": 2, "percent_covered": 0.0, "percent_covered_display": "0", "missing_lines": 2, "excluded_lines": 0}, "missing_lines": [118, 122], "excluded_lines": []}, "send_stage_move_notification": {"executed_lines": [], "summary": {"covered_lines": 0, "num_statements": 2, "percent_covered": 0.0, "percent_covered_display": "0", "missing_lines": 2, "excluded_lines": 0}, "missing_lines": [141, 145], "excluded_lines": []}, "": {"executed_lines": [1, 14, 15, 17, 20, 56, 79, 102, 125], "summary": {"covered_lines": 8, "num_statements": 8, "percent_covered": 100.0, "percent_covered_display": "100", "missing_lines": 0, "excluded_lines": 0}, "missing_lines": [], "excluded_lines": []}}, "classes": {"": {"executed_lines": [1, 14, 15, 17, 20, 56, 79, 102, 125], "summary": {"covered_lines": 8, "num_statements": 18, "percent_covered": 44.44444444444444, "percent_covered_display": "44", "missing_lines": 10, "excluded_lines": 0}, "missing_lines": [49, 53, 72, 76, 95, 99, 118, 122, 141, 145], "excluded_lines": []}}}, "django_workflow_engine/action_management.py": {"executed_lines": [1, 3, 4, 6, 7, 15, 17, 20, 55, 58, 59, 66, 67, 68, 75, 76, 77, 84, 85, 86, 93, 94, 95, 102, 107, 108, 109, 110, 111, 112, 113, 114, 124, 125, 134, 135, 138, 179, 182, 185, 189, 190, 193, 194, 195, 196, 199, 202, 256, 257, 258, 266, 267, 275, 276, 279, 304, 307, 311, 312, 313, 325, 330, 331, 332, 333, 337, 341, 342, 343, 357, 362, 363, 366, 367, 368, 369, 371, 372, 374, 375, 376, 390, 394, 399, 402, 438, 442, 443, 447, 448, 451, 454, 455, 462, 463, 466, 469, 477, 478, 481, 485, 486, 488, 494, 496, 497, 500, 503, 509, 510, 514, 515, 517, 525, 526, 530, 534, 537, 541], "summary": {"covered_lines": 119, "num_statements": 136, "percent_covered": 87.5, "percent_covered_display": "88", "missing_lines": 17, "excluded_lines": 0}, "missing_lines": [104, 105, 128, 129, 183, 184, 186, 187, 270, 271, 326, 327, 334, 358, 359, 391, 392], "excluded_lines": [], "functions": {"create_custom_workflow_actions": {"executed_lines": [55, 58, 59, 66, 67, 68, 75, 76, 77, 84, 85, 86, 93, 94, 95, 102, 107, 108, 109, 110, 111, 112, 113, 114, 124, 125, 134, 135], "summary": {"covered_lines": 28, "num_statements": 32, "percent_covered": 87.5, "percent_covered_display": "88", "missing_lines": 4, "excluded_lines": 0}, "missing_lines": [104, 105, 128, 129], "excluded_lines": []}, "create_default_workflow_actions": {"executed_lines": [179, 182, 185, 189, 190, 193, 194, 195, 196, 199, 202, 256, 257, 258, 266, 267, 275, 276], "summary": {"covered_lines": 18, "num_statements": 24, "percent_covered": 75.0, "percent_covered_display": "75", "missing_lines": 6, "excluded_lines": 0}, "missing_lines": [183, 184, 186, 187, 270, 271], "excluded_lines": []}, "clone_workflow_actions": {"executed_lines": [304, 307, 311, 312, 313, 325, 330, 331, 332, 333, 337, 341, 342, 343, 357, 362, 363, 366, 367, 368, 369, 371, 372, 374, 375, 376, 390, 394, 399], "summary": {"covered_lines": 29, "num_statements": 36, "percent_covered": 80.55555555555556, "percent_covered_display": "81", "missing_lines": 7, "excluded_lines": 0}, "missing_lines": [326, 327, 334, 358, 359, 391, 392], "excluded_lines": []}, "get_effective_actions": {"executed_lines": [438, 442, 443, 447, 448, 451, 454, 455, 462, 463, 466, 469, 477, 478, 481, 485, 486, 488, 494, 496, 497, 500, 503, 509, 510, 514, 515, 517, 525, 526, 530, 534, 537, 541], "summary": {"covered_lines": 34, "num_statements": 34, "percent_covered": 100.0, "percent_covered_display": "100", "missing_lines": 0, "excluded_lines": 0}, "missing_lines": [], "excluded_lines": []}, "": {"executed_lines": [1, 3, 4, 6, 7, 15, 17, 20, 138, 279, 402], "summary": {"covered_lines": 10, "num_statements": 10, "percent_covered": 100.0, "percent_covered_display": "100", "missing_lines": 0, "excluded_lines": 0}, "missing_lines": [], "excluded_lines": []}}, "classes": {"": {"executed_lines": [1, 3, 4, 6, 7, 15, 17, 20, 55, 58, 59, 66, 67, 68, 75, 76, 77, 84, 85, 86, 93, 94, 95, 102, 107, 108, 109, 110, 111, 112, 113, 114, 124, 125, 134, 135, 138, 179, 182, 185, 189, 190, 193, 194, 195, 196, 199, 202, 256, 257, 258, 266, 267, 275, 276, 279, 304, 307, 311, 312, 313, 325, 330, 331, 332, 333, 337, 341, 342, 343, 357, 362, 363, 366, 367, 368, 369, 371, 372, 374, 375, 376, 390, 394, 399, 402, 438, 442, 443, 447, 448, 451, 454, 455, 462, 463, 466, 469, 477, 478, 481, 485, 486, 488, 494, 496, 497, 500, 503, 509, 510, 514, 515, 517, 525, 526, 530, 534, 537, 541], "summary": {"covered_lines": 119, "num_statements": 136, "percent_covered": 87.5, "percent_covered_display": "88", "missing_lines": 17, "excluded_lines": 0}, "missing_lines": [104, 105, 128, 129, 183, 184, 186, 187, 270, 271, 326, 327, 334, 358, 359, 391, 392], "excluded_lines": []}}}, "django_workflow_engine/action_registry.py": {"executed_lines": [1, 24, 25, 26, 28, 30, 33, 34, 36, 39, 40, 42, 45, 46, 48, 51, 52, 54, 57, 58, 71, 73, 74, 76, 105, 106, 109, 110, 115, 118, 119, 125, 128, 129, 137, 142, 144, 146, 157, 158, 159, 163, 164, 168, 169, 174, 175, 179, 211, 212, 213, 219, 220, 223, 230, 235, 236, 238, 243, 245, 246, 254, 258, 260, 262, 270, 280, 281, 286, 288, 295, 296, 297, 298, 299, 300, 301, 303, 305, 307, 314, 315, 317, 318, 320, 322, 324, 325, 326, 328, 352, 355, 371, 379, 397], "summary": {"covered_lines": 89, "num_statements": 94, "percent_covered": 94.68085106382979, "percent_covered_display": "95", "missing_lines": 5, "excluded_lines": 0}, "missing_lines": [268, 342, 343, 347, 348], "excluded_lines": [], "functions": {"WorkflowActionRegistry.__init__": {"executed_lines": [73, 74], "summary": {"covered_lines": 2, "num_statements": 2, "percent_covered": 100.0, "percent_covered_display": "100", "missing_lines": 0, "excluded_lines": 0}, "missing_lines": [], "excluded_lines": []}, "WorkflowActionRegistry.register": {"executed_lines": [105, 106, 109, 110, 115, 144], "summary": {"covered_lines": 6, "num_statements": 6, "percent_covered": 100.0, "percent_covered_display": "100", "missing_lines": 0, "excluded_lines": 0}, "missing_lines": [], "excluded_lines": []}, "WorkflowActionRegistry.register.decorator": {"executed_lines": [118, 119, 125, 128, 129, 137, 142], "summary": {"covered_lines": 7, "num_statements": 7, "percent_covered": 100.0, "percent_covered_display": "100", "missing_lines": 0, "excluded_lines": 0}, "missing_lines": [], "excluded_lines": []}, "WorkflowActionRegistry._validate_function_signature": {"executed_lines": [157, 158, 159, 163, 164, 168, 169, 174, 175], "summary": {"covered_lines": 9, "num_statements": 9, "percent_covered": 100.0, "percent_covered_display": "100", "missing_lines": 0, "excluded_lines": 0}, "missing_lines": [], "excluded_lines": []}, "WorkflowActionRegistry.execute_action": {"executed_lines": [211, 212, 213, 219, 220, 223, 230, 235, 236, 238, 243, 245, 246, 254], "summary": {"covered_lines": 14, "num_statements": 14, "percent_covered": 100.0, "percent_covered_display": "100", "missing_lines": 0, "excluded_lines": 0}, "missing_lines": [], "excluded_lines": []}, "WorkflowActionRegistry.is_registered": {"executed_lines": [260], "summary": {"covered_lines": 1, "num_statements": 1, "percent_covered": 100.0, "percent_covered_display": "100", "missing_lines": 0, "excluded_lines": 0}, "missing_lines": [], "excluded_lines": []}, "WorkflowActionRegistry.get_action": {"executed_lines": [], "summary": {"covered_lines": 0, "num_statements": 1, "percent_covered": 0.0, "percent_covered_display": "0", "missing_lines": 1, "excluded_lines": 0}, "missing_lines": [268], "excluded_lines": []}, "WorkflowActionRegistry.list_actions": {"executed_lines": [280, 281, 286], "summary": {"covered_lines": 3, "num_statements": 3, "percent_covered": 100.0, "percent_covered_display": "100", "missing_lines": 0, "excluded_lines": 0}, "missing_lines": [], "excluded_lines": []}, "WorkflowActionRegistry.list_actions_by_category": {"executed_lines": [295, 296, 297, 298, 299, 300, 301], "summary": {"covered_lines": 7, "num_statements": 7, "percent_covered": 100.0, "percent_covered_display": "100", "missing_lines": 0, "excluded_lines": 0}, "missing_lines": [], "excluded_lines": []}, "WorkflowActionRegistry.get_action_metadata": {"executed_lines": [305], "summary": {"covered_lines": 1, "num_statements": 1, "percent_covered": 100.0, "percent_covered_display": "100", "missing_lines": 0, "excluded_lines": 0}, "missing_lines": [], "excluded_lines": []}, "WorkflowActionRegistry.unregister": {"executed_lines": [314, 315, 317, 318, 320], "summary": {"covered_lines": 5, "num_statements": 5, "percent_covered": 100.0, "percent_covered_display": "100", "missing_lines": 0, "excluded_lines": 0}, "missing_lines": [], "excluded_lines": []}, "WorkflowActionRegistry.clear": {"executed_lines": [324, 325, 326], "summary": {"covered_lines": 3, "num_statements": 3, "percent_covered": 100.0, "percent_covered_display": "100", "missing_lines": 0, "excluded_lines": 0}, "missing_lines": [], "excluded_lines": []}, "WorkflowActionRegistry.validate_action_config": {"executed_lines": [], "summary": {"covered_lines": 0, "num_statements": 4, "percent_covered": 0.0, "percent_covered_display": "0", "missing_lines": 4, "excluded_lines": 0}, "missing_lines": [342, 343, 347, 348], "excluded_lines": []}, "register_action": {"executed_lines": [371], "summary": {"covered_lines": 1, "num_statements": 1, "percent_covered": 100.0, "percent_covered_display": "100", "missing_lines": 0, "excluded_lines": 0}, "missing_lines": [], "excluded_lines": []}, "execute_action": {"executed_lines": [397], "summary": {"covered_lines": 1, "num_statements": 1, "percent_covered": 100.0, "percent_covered_display": "100", "missing_lines": 0, "excluded_lines": 0}, "missing_lines": [], "excluded_lines": []}, "": {"executed_lines": [1, 24, 25, 26, 28, 30, 33, 34, 36, 39, 40, 42, 45, 46, 48, 51, 52, 54, 57, 58, 71, 76, 146, 179, 258, 262, 270, 288, 303, 307, 322, 328, 352, 355, 379], "summary": {"covered_lines": 29, "num_statements": 29, "percent_covered": 100.0, "percent_covered_display": "100", "missing_lines": 0, "excluded_lines": 0}, "missing_lines": [], "excluded_lines": []}}, "classes": {"WorkflowActionError": {"executed_lines": [], "summary": {"covered_lines": 0, "num_statements": 0, "percent_covered": 100.0, "percent_covered_display": "100", "missing_lines": 0, "excluded_lines": 0}, "missing_lines": [], "excluded_lines": []}, "ActionNotRegisteredError": {"executed_lines": [], "summary": {"covered_lines": 0, "num_statements": 0, "percent_covered": 100.0, "percent_covered_display": "100", "missing_lines": 0, "excluded_lines": 0}, "missing_lines": [], "excluded_lines": []}, "ActionExecutionError": {"executed_lines": [], "summary": {"covered_lines": 0, "num_statements": 0, "percent_covered": 100.0, "percent_covered_display": "100", "missing_lines": 0, "excluded_lines": 0}, "missing_lines": [], "excluded_lines": []}, "DuplicateActionError": {"executed_lines": [], "summary": {"covered_lines": 0, "num_statements": 0, "percent_covered": 100.0, "percent_covered_display": "100", "missing_lines": 0, "excluded_lines": 0}, "missing_lines": [], "excluded_lines": []}, "WorkflowActionRegistry": {"executed_lines": [73, 74, 105, 106, 109, 110, 115, 118, 119, 125, 128, 129, 137, 142, 144, 157, 158, 159, 163, 164, 168, 169, 174, 175, 211, 212, 213, 219, 220, 223, 230, 235, 236, 238, 243, 245, 246, 254, 260, 280, 281, 286, 295, 296, 297, 298, 299, 300, 301, 305, 314, 315, 317, 318, 320, 324, 325, 326], "summary": {"covered_lines": 58, "num_statements": 63, "percent_covered": 92.06349206349206, "percent_covered_display": "92", "missing_lines": 5, "excluded_lines": 0}, "missing_lines": [268, 342, 343, 347, 348], "excluded_lines": []}, "": {"executed_lines": [1, 24, 25, 26, 28, 30, 33, 34, 36, 39, 40, 42, 45, 46, 48, 51, 52, 54, 57, 58, 71, 76, 146, 179, 258, 262, 270, 288, 303, 307, 322, 328, 352, 355, 371, 379, 397], "summary": {"covered_lines": 31, "num_statements": 31, "percent_covered": 100.0, "percent_covered_display": "100", "missing_lines": 0, "excluded_lines": 0}, "missing_lines": [], "excluded_lines": []}}}, "django_workflow_engine/admin.py": {"executed_lines": [1, 3, 4, 5, 7, 24, 25, 26, 29, 30, 31, 34, 35, 36, 38, 46, 47, 48, 49, 51, 63, 64, 65, 67, 76, 77, 78, 80, 104, 105, 106, 108, 116, 117, 118, 120, 148, 149, 150, 152, 163, 164, 165, 167, 189, 202, 205, 206, 207, 216, 217, 218, 221, 222, 223, 230, 231, 232, 233, 235, 238, 241, 242, 243, 244, 245, 246, 248, 251, 254, 255, 256, 266, 267, 268, 270, 273, 276, 277, 278, 286, 287, 290, 291, 292, 302, 303, 304, 307, 308, 309, 311, 318, 319, 321, 347, 349, 353, 356, 357, 358, 360, 368, 369, 376, 378, 413, 435, 437], "summary": {"covered_lines": 102, "num_statements": 123, "percent_covered": 82.92682926829268, "percent_covered_display": "83", "missing_lines": 21, "excluded_lines": 0}, "missing_lines": [191, 192, 193, 197, 198, 199, 200, 236, 249, 271, 351, 415, 416, 421, 422, 427, 428, 429, 430, 433, 439], "excluded_lines": [], "functions": {"WorkflowAttachmentAdmin.get_target_object": {"executed_lines": [], "summary": {"covered_lines": 0, "num_statements": 7, "percent_covered": 0.0, "percent_covered_display": "0", "missing_lines": 7, "excluded_lines": 0}, "missing_lines": [191, 192, 193, 197, 198, 199, 200], "excluded_lines": []}, "ModelStatusConfigurationAdmin.get_model_name": {"executed_lines": [], "summary": {"covered_lines": 0, "num_statements": 1, "percent_covered": 0.0, "percent_covered_display": "0", "missing_lines": 1, "excluded_lines": 0}, "missing_lines": [236], "excluded_lines": []}, "StatusAttachmentAdmin.get_target_object": {"executed_lines": [], "summary": {"covered_lines": 0, "num_statements": 1, "percent_covered": 0.0, "percent_covered_display": "0", "missing_lines": 1, "excluded_lines": 0}, "missing_lines": [249], "excluded_lines": []}, "StatusHistoryAdmin.get_target_object": {"executed_lines": [], "summary": {"covered_lines": 0, "num_statements": 1, "percent_covered": 0.0, "percent_covered_display": "0", "missing_lines": 1, "excluded_lines": 0}, "missing_lines": [271], "excluded_lines": []}, "WorkflowConfigurationAdmin.get_model_name": {"executed_lines": [], "summary": {"covered_lines": 0, "num_statements": 1, "percent_covered": 0.0, "percent_covered_display": "0", "missing_lines": 1, "excluded_lines": 0}, "missing_lines": [351], "excluded_lines": []}, "WorkflowActionAdmin.get_scope": {"executed_lines": [], "summary": {"covered_lines": 0, "num_statements": 9, "percent_covered": 0.0, "percent_covered_display": "0", "missing_lines": 9, "excluded_lines": 0}, "missing_lines": [415, 416, 421, 422, 427, 428, 429, 430, 433], "excluded_lines": []}, "WorkflowActionAdmin.get_queryset": {"executed_lines": [], "summary": {"covered_lines": 0, "num_statements": 1, "percent_covered": 0.0, "percent_covered_display": "0", "missing_lines": 1, "excluded_lines": 0}, "missing_lines": [439], "excluded_lines": []}, "": {"executed_lines": [1, 3, 4, 5, 7, 24, 25, 26, 29, 30, 31, 34, 35, 36, 38, 46, 47, 48, 49, 51, 63, 64, 65, 67, 76, 77, 78, 80, 104, 105, 106, 108, 116, 117, 118, 120, 148, 149, 150, 152, 163, 164, 165, 167, 189, 202, 205, 206, 207, 216, 217, 218, 221, 222, 223, 230, 231, 232, 233, 235, 238, 241, 242, 243, 244, 245, 246, 248, 251, 254, 255, 256, 266, 267, 268, 270, 273, 276, 277, 278, 286, 287, 290, 291, 292, 302, 303, 304, 307, 308, 309, 311, 318, 319, 321, 347, 349, 353, 356, 357, 358, 360, 368, 369, 376, 378, 413, 435, 437], "summary": {"covered_lines": 102, "num_statements": 102, "percent_covered": 100.0, "percent_covered_display": "100", "missing_lines": 0, "excluded_lines": 0}, "missing_lines": [], "excluded_lines": []}}, "classes": {"ModelStatusInline": {"executed_lines": [], "summary": {"covered_lines": 0, "num_statements": 0, "percent_covered": 100.0, "percent_covered_display": "100", "missing_lines": 0, "excluded_lines": 0}, "missing_lines": [], "excluded_lines": []}, "WorkflowStatusNodeInline": {"executed_lines": [], "summary": {"covered_lines": 0, "num_statements": 0, "percent_covered": 100.0, "percent_covered_display": "100", "missing_lines": 0, "excluded_lines": 0}, "missing_lines": [], "excluded_lines": []}, "WorkFlowAdmin": {"executed_lines": [], "summary": {"covered_lines": 0, "num_statements": 0, "percent_covered": 100.0, "percent_covered_display": "100", "missing_lines": 0, "excluded_lines": 0}, "missing_lines": [], "excluded_lines": []}, "PipelineAdmin": {"executed_lines": [], "summary": {"covered_lines": 0, "num_statements": 0, "percent_covered": 100.0, "percent_covered_display": "100", "missing_lines": 0, "excluded_lines": 0}, "missing_lines": [], "excluded_lines": []}, "StageAdmin": {"executed_lines": [], "summary": {"covered_lines": 0, "num_statements": 0, "percent_covered": 100.0, "percent_covered_display": "100", "missing_lines": 0, "excluded_lines": 0}, "missing_lines": [], "excluded_lines": []}, "WorkflowAttachmentAdmin": {"executed_lines": [], "summary": {"covered_lines": 0, "num_statements": 7, "percent_covered": 0.0, "percent_covered_display": "0", "missing_lines": 7, "excluded_lines": 0}, "missing_lines": [191, 192, 193, 197, 198, 199, 200], "excluded_lines": []}, "StatusAdmin": {"executed_lines": [], "summary": {"covered_lines": 0, "num_statements": 0, "percent_covered": 100.0, "percent_covered_display": "100", "missing_lines": 0, "excluded_lines": 0}, "missing_lines": [], "excluded_lines": []}, "ModelStatusConfigurationAdmin": {"executed_lines": [], "summary": {"covered_lines": 0, "num_statements": 1, "percent_covered": 0.0, "percent_covered_display": "0", "missing_lines": 1, "excluded_lines": 0}, "missing_lines": [236], "excluded_lines": []}, "StatusAttachmentAdmin": {"executed_lines": [], "summary": {"covered_lines": 0, "num_statements": 1, "percent_covered": 0.0, "percent_covered_display": "0", "missing_lines": 1, "excluded_lines": 0}, "missing_lines": [249], "excluded_lines": []}, "StatusHistoryAdmin": {"executed_lines": [], "summary": {"covered_lines": 0, "num_statements": 1, "percent_covered": 0.0, "percent_covered_display": "0", "missing_lines": 1, "excluded_lines": 0}, "missing_lines": [271], "excluded_lines": []}, "WorkflowStatusNodeAdmin": {"executed_lines": [], "summary": {"covered_lines": 0, "num_statements": 0, "percent_covered": 100.0, "percent_covered_display": "100", "missing_lines": 0, "excluded_lines": 0}, "missing_lines": [], "excluded_lines": []}, "StatusTransitionAdmin": {"executed_lines": [], "summary": {"covered_lines": 0, "num_statements": 0, "percent_covered": 100.0, "percent_covered_display": "100", "missing_lines": 0, "excluded_lines": 0}, "missing_lines": [], "excluded_lines": []}, "WorkflowConfigurationAdmin": {"executed_lines": [], "summary": {"covered_lines": 0, "num_statements": 1, "percent_covered": 0.0, "percent_covered_display": "0", "missing_lines": 1, "excluded_lines": 0}, "missing_lines": [351], "excluded_lines": []}, "WorkflowActionAdmin": {"executed_lines": [], "summary": {"covered_lines": 0, "num_statements": 10, "percent_covered": 0.0, "percent_covered_display": "0", "missing_lines": 10, "excluded_lines": 0}, "missing_lines": [415, 416, 421, 422, 427, 428, 429, 430, 433, 439], "excluded_lines": []}, "": {"executed_lines": [1, 3, 4, 5, 7, 24, 25, 26, 29, 30, 31, 34, 35, 36, 38, 46, 47, 48, 49, 51, 63, 64, 65, 67, 76, 77, 78, 80, 104, 105, 106, 108, 116, 117, 118, 120, 148, 149, 150, 152, 163, 164, 165, 167, 189, 202, 205, 206, 207, 216, 217, 218, 221, 222, 223, 230, 231, 232, 233, 235, 238, 241, 242, 243, 244, 245, 246, 248, 251, 254, 255, 256, 266, 267, 268, 270, 273, 276, 277, 278, 286, 287, 290, 291, 292, 302, 303, 304, 307, 308, 309, 311, 318, 319, 321, 347, 349, 353, 356, 357, 358, 360, 368, 369, 376, 378, 413, 435, 437], "summary": {"covered_lines": 102, "num_statements": 102, "percent_covered": 100.0, "percent_covered_display": "100", "missing_lines": 0, "excluded_lines": 0}, "missing_lines": [], "excluded_lines": []}}}, "django_workflow_engine/apps.py": {"executed_lines": [1, 3, 6, 7, 9, 10, 11, 13, 16], "summary": {"covered_lines": 7, "num_statements": 7, "percent_covered": 100.0, "percent_covered_display": "100", "missing_lines": 0, "excluded_lines": 0}, "missing_lines": [], "excluded_lines": [], "functions": {"WorkflowEngineConfig.ready": {"executed_lines": [16], "summary": {"covered_lines": 1, "num_statements": 1, "percent_covered": 100.0, "percent_covered_display": "100", "missing_lines": 0, "excluded_lines": 0}, "missing_lines": [], "excluded_lines": []}, "": {"executed_lines": [1, 3, 6, 7, 9, 10, 11, 13], "summary": {"covered_lines": 6, "num_statements": 6, "percent_covered": 100.0, "percent_covered_display": "100", "missing_lines": 0, "excluded_lines": 0}, "missing_lines": [], "excluded_lines": []}}, "classes": {"WorkflowEngineConfig": {"executed_lines": [16], "summary": {"covered_lines": 1, "num_statements": 1, "percent_covered": 100.0, "percent_covered_display": "100", "missing_lines": 0, "excluded_lines": 0}, "missing_lines": [], "excluded_lines": []}, "": {"executed_lines": [1, 3, 6, 7, 9, 10, 11, 13], "summary": {"covered_lines": 6, "num_statements": 6, "percent_covered": 100.0, "percent_covered_display": "100", "missing_lines": 0, "excluded_lines": 0}, "missing_lines": [], "excluded_lines": []}}}, "django_workflow_engine/choices.py": {"executed_lines": [1, 5, 6, 9, 10, 12, 13, 14, 17, 18, 25, 28, 31, 34, 37, 38, 40, 41, 42, 43, 44, 47, 48, 50, 51, 52, 53, 54, 57, 58, 60, 61, 62, 63, 64, 65, 66, 67, 68, 69, 70, 74, 75, 76, 79, 80, 82, 83, 84, 87, 88, 90, 91, 92, 93, 94, 95, 98, 99, 101, 102, 103, 104, 108], "summary": {"covered_lines": 55, "num_statements": 55, "percent_covered": 100.0, "percent_covered_display": "100", "missing_lines": 0, "excluded_lines": 0}, "missing_lines": [], "excluded_lines": [], "functions": {"": {"executed_lines": [1, 5, 6, 9, 10, 12, 13, 14, 17, 18, 25, 28, 31, 34, 37, 38, 40, 41, 42, 43, 44, 47, 48, 50, 51, 52, 53, 54, 57, 58, 60, 61, 62, 63, 64, 65, 66, 67, 68, 69, 70, 74, 75, 76, 79, 80, 82, 83, 84, 87, 88, 90, 91, 92, 93, 94, 95, 98, 99, 101, 102, 103, 104, 108], "summary": {"covered_lines": 55, "num_statements": 55, "percent_covered": 100.0, "percent_covered_display": "100", "missing_lines": 0, "excluded_lines": 0}, "missing_lines": [], "excluded_lines": []}}, "classes": {"WorkflowStatus": {"executed_lines": [], "summary": {"covered_lines": 0, "num_statements": 0, "percent_covered": 100.0, "percent_covered_display": "100", "missing_lines": 0, "excluded_lines": 0}, "missing_lines": [], "excluded_lines": []}, "WorkflowStrategy": {"executed_lines": [], "summary": {"covered_lines": 0, "num_statements": 0, "percent_covered": 100.0, "percent_covered_display": "100", "missing_lines": 0, "excluded_lines": 0}, "missing_lines": [], "excluded_lines": []}, "ApprovalTypes": {"executed_lines": [], "summary": {"covered_lines": 0, "num_statements": 0, "percent_covered": 100.0, "percent_covered_display": "100", "missing_lines": 0, "excluded_lines": 0}, "missing_lines": [], "excluded_lines": []}, "WorkflowAttachmentStatus": {"executed_lines": [], "summary": {"covered_lines": 0, "num_statements": 0, "percent_covered": 100.0, "percent_covered_display": "100", "missing_lines": 0, "excluded_lines": 0}, "missing_lines": [], "excluded_lines": []}, "ActionType": {"executed_lines": [], "summary": {"covered_lines": 0, "num_statements": 0, "percent_covered": 100.0, "percent_covered_display": "100", "missing_lines": 0, "excluded_lines": 0}, "missing_lines": [], "excluded_lines": []}, "ActionFailurePolicy": {"executed_lines": [], "summary": {"covered_lines": 0, "num_statements": 0, "percent_covered": 100.0, "percent_covered_display": "100", "missing_lines": 0, "excluded_lines": 0}, "missing_lines": [], "excluded_lines": []}, "StatusCategory": {"executed_lines": [], "summary": {"covered_lines": 0, "num_statements": 0, "percent_covered": 100.0, "percent_covered_display": "100", "missing_lines": 0, "excluded_lines": 0}, "missing_lines": [], "excluded_lines": []}, "TransitionRejectBehavior": {"executed_lines": [], "summary": {"covered_lines": 0, "num_statements": 0, "percent_covered": 100.0, "percent_covered_display": "100", "missing_lines": 0, "excluded_lines": 0}, "missing_lines": [], "excluded_lines": []}, "": {"executed_lines": [1, 5, 6, 9, 10, 12, 13, 14, 17, 18, 25, 28, 31, 34, 37, 38, 40, 41, 42, 43, 44, 47, 48, 50, 51, 52, 53, 54, 57, 58, 60, 61, 62, 63, 64, 65, 66, 67, 68, 69, 70, 74, 75, 76, 79, 80, 82, 83, 84, 87, 88, 90, 91, 92, 93, 94, 95, 98, 99, 101, 102, 103, 104, 108], "summary": {"covered_lines": 55, "num_statements": 55, "percent_covered": 100.0, "percent_covered_display": "100", "missing_lines": 0, "excluded_lines": 0}, "missing_lines": [], "excluded_lines": []}}}, "django_workflow_engine/cleanup.py": {"executed_lines": [1, 8, 9, 10, 12, 13, 14, 16, 17, 19, 22, 63, 64, 70, 72, 73, 74, 77, 82, 83, 84, 85, 86, 89, 95, 96, 98, 103, 104, 111, 112, 114, 119, 128, 176, 208, 211, 212, 215, 218, 223, 228, 233, 241, 251, 258, 259, 260, 270, 276, 277, 278, 281, 282, 286], "summary": {"covered_lines": 54, "num_statements": 63, "percent_covered": 85.71428571428571, "percent_covered_display": "86", "missing_lines": 9, "excluded_lines": 0}, "missing_lines": [155, 159, 161, 165, 166, 168, 169, 171, 173], "excluded_lines": [], "functions": {"cleanup_completed_workflow_actions": {"executed_lines": [63, 64, 70, 72, 73, 74, 77, 82, 83, 84, 85, 86, 89, 95, 96, 98, 103, 104, 111, 112, 114, 119], "summary": {"covered_lines": 22, "num_statements": 22, "percent_covered": 100.0, "percent_covered_display": "100", "missing_lines": 0, "excluded_lines": 0}, "missing_lines": [], "excluded_lines": []}, "cleanup_orphaned_workflow_actions": {"executed_lines": [], "summary": {"covered_lines": 0, "num_statements": 9, "percent_covered": 0.0, "percent_covered_display": "0", "missing_lines": 9, "excluded_lines": 0}, "missing_lines": [155, 159, 161, 165, 166, 168, 169, 171, 173], "excluded_lines": []}, "get_cleanup_statistics": {"executed_lines": [208, 211, 212, 215, 218, 223, 228, 233, 241, 251, 258, 276, 277, 278, 281, 282, 286], "summary": {"covered_lines": 17, "num_statements": 17, "percent_covered": 100.0, "percent_covered_display": "100", "missing_lines": 0, "excluded_lines": 0}, "missing_lines": [], "excluded_lines": []}, "get_cleanup_statistics.get_cleanable_actions_by_age": {"executed_lines": [259, 260, 270], "summary": {"covered_lines": 3, "num_statements": 3, "percent_covered": 100.0, "percent_covered_display": "100", "missing_lines": 0, "excluded_lines": 0}, "missing_lines": [], "excluded_lines": []}, "": {"executed_lines": [1, 8, 9, 10, 12, 13, 14, 16, 17, 19, 22, 128, 176], "summary": {"covered_lines": 12, "num_statements": 12, "percent_covered": 100.0, "percent_covered_display": "100", "missing_lines": 0, "excluded_lines": 0}, "missing_lines": [], "excluded_lines": []}}, "classes": {"": {"executed_lines": [1, 8, 9, 10, 12, 13, 14, 16, 17, 19, 22, 63, 64, 70, 72, 73, 74, 77, 82, 83, 84, 85, 86, 89, 95, 96, 98, 103, 104, 111, 112, 114, 119, 128, 176, 208, 211, 212, 215, 218, 223, 228, 233, 241, 251, 258, 259, 260, 270, 276, 277, 278, 281, 282, 286], "summary": {"covered_lines": 54, "num_statements": 63, "percent_covered": 85.71428571428571, "percent_covered_display": "86", "missing_lines": 9, "excluded_lines": 0}, "missing_lines": [155, 159, 161, 165, 166, 168, 169, 171, 173], "excluded_lines": []}}}, "django_workflow_engine/constants.py": {"executed_lines": [1, 7, 9, 11, 13, 16, 17, 18, 19, 20, 23, 32, 39, 81, 105, 108, 109, 114, 115, 116, 117, 118, 121, 139, 141, 142, 144, 159], "summary": {"covered_lines": 27, "num_statements": 38, "percent_covered": 71.05263157894737, "percent_covered_display": "71", "missing_lines": 11, "excluded_lines": 0}, "missing_lines": [145, 150, 151, 153, 155, 156, 157, 160, 161, 162, 163], "excluded_lines": [], "functions": {"validate_json_size": {"executed_lines": [139, 141, 142, 144, 159], "summary": {"covered_lines": 5, "num_statements": 16, "percent_covered": 31.25, "percent_covered_display": "31", "missing_lines": 11, "excluded_lines": 0}, "missing_lines": [145, 150, 151, 153, 155, 156, 157, 160, 161, 162, 163], "excluded_lines": []}, "": {"executed_lines": [1, 7, 9, 11, 13, 16, 17, 18, 19, 20, 23, 32, 39, 81, 105, 108, 109, 114, 115, 116, 117, 118, 121], "summary": {"covered_lines": 22, "num_statements": 22, "percent_covered": 100.0, "percent_covered_display": "100", "missing_lines": 0, "excluded_lines": 0}, "missing_lines": [], "excluded_lines": []}}, "classes": {"": {"executed_lines": [1, 7, 9, 11, 13, 16, 17, 18, 19, 20, 23, 32, 39, 81, 105, 108, 109, 114, 115, 116, 117, 118, 121, 139, 141, 142, 144, 159], "summary": {"covered_lines": 27, "num_statements": 38, "percent_covered": 71.05263157894737, "percent_covered_display": "71", "missing_lines": 11, "excluded_lines": 0}, "missing_lines": [145, 150, 151, 153, 155, 156, 157, 160, 161, 162, 163], "excluded_lines": []}}}, "django_workflow_engine/default_actions.py": {"executed_lines": [1, 28, 29, 31, 34, 39, 43, 46, 51, 55, 58, 63, 67, 70, 75, 79, 82, 87, 91, 94, 99, 103, 106, 111, 115, 118, 123, 127], "summary": {"covered_lines": 27, "num_statements": 27, "percent_covered": 100.0, "percent_covered_display": "100", "missing_lines": 0, "excluded_lines": 0}, "missing_lines": [], "excluded_lines": [], "functions": {"default_send_email_after_approve": {"executed_lines": [39, 43], "summary": {"covered_lines": 2, "num_statements": 2, "percent_covered": 100.0, "percent_covered_display": "100", "missing_lines": 0, "excluded_lines": 0}, "missing_lines": [], "excluded_lines": []}, "default_send_email_after_reject": {"executed_lines": [51, 55], "summary": {"covered_lines": 2, "num_statements": 2, "percent_covered": 100.0, "percent_covered_display": "100", "missing_lines": 0, "excluded_lines": 0}, "missing_lines": [], "excluded_lines": []}, "default_send_email_after_resubmission": {"executed_lines": [63, 67], "summary": {"covered_lines": 2, "num_statements": 2, "percent_covered": 100.0, "percent_covered_display": "100", "missing_lines": 0, "excluded_lines": 0}, "missing_lines": [], "excluded_lines": []}, "default_send_email_after_delegate": {"executed_lines": [75, 79], "summary": {"covered_lines": 2, "num_statements": 2, "percent_covered": 100.0, "percent_covered_display": "100", "missing_lines": 0, "excluded_lines": 0}, "missing_lines": [], "excluded_lines": []}, "default_send_email_after_move_stage": {"executed_lines": [87, 91], "summary": {"covered_lines": 2, "num_statements": 2, "percent_covered": 100.0, "percent_covered_display": "100", "missing_lines": 0, "excluded_lines": 0}, "missing_lines": [], "excluded_lines": []}, "default_send_email_after_move_pipeline": {"executed_lines": [99, 103], "summary": {"covered_lines": 2, "num_statements": 2, "percent_covered": 100.0, "percent_covered_display": "100", "missing_lines": 0, "excluded_lines": 0}, "missing_lines": [], "excluded_lines": []}, "default_send_email_on_workflow_start": {"executed_lines": [111, 115], "summary": {"covered_lines": 2, "num_statements": 2, "percent_covered": 100.0, "percent_covered_display": "100", "missing_lines": 0, "excluded_lines": 0}, "missing_lines": [], "excluded_lines": []}, "default_send_email_on_workflow_complete": {"executed_lines": [123, 127], "summary": {"covered_lines": 2, "num_statements": 2, "percent_covered": 100.0, "percent_covered_display": "100", "missing_lines": 0, "excluded_lines": 0}, "missing_lines": [], "excluded_lines": []}, "": {"executed_lines": [1, 28, 29, 31, 34, 46, 58, 70, 82, 94, 106, 118], "summary": {"covered_lines": 11, "num_statements": 11, "percent_covered": 100.0, "percent_covered_display": "100", "missing_lines": 0, "excluded_lines": 0}, "missing_lines": [], "excluded_lines": []}}, "classes": {"": {"executed_lines": [1, 28, 29, 31, 34, 39, 43, 46, 51, 55, 58, 63, 67, 70, 75, 79, 82, 87, 91, 94, 99, 103, 106, 111, 115, 118, 123, 127], "summary": {"covered_lines": 27, "num_statements": 27, "percent_covered": 100.0, "percent_covered_display": "100", "missing_lines": 0, "excluded_lines": 0}, "missing_lines": [], "excluded_lines": []}}}, "django_workflow_engine/enhanced_logging.py": {"executed_lines": [1, 14, 15, 17, 20, 55, 58, 59, 76, 82, 83, 85, 87, 90, 91, 92, 94, 96, 97, 99, 101, 103, 105, 107, 109, 110, 112, 114, 115, 117, 122, 129, 149, 173, 196, 197, 198, 199], "summary": {"covered_lines": 36, "num_statements": 52, "percent_covered": 69.23076923076923, "percent_covered_display": "69", "missing_lines": 16, "excluded_lines": 1}, "missing_lines": [93, 95, 119, 120, 124, 125, 145, 146, 166, 167, 168, 170, 188, 189, 191, 192], "excluded_lines": [174], "functions": {"StructuredLogger.__init__": {"executed_lines": [82, 83], "summary": {"covered_lines": 2, "num_statements": 2, "percent_covered": 100.0, "percent_covered_display": "100", "missing_lines": 0, "excluded_lines": 0}, "missing_lines": [], "excluded_lines": []}, "StructuredLogger._format_message": {"executed_lines": [87, 90, 91, 92, 94, 96, 97, 99, 101, 103, 105], "summary": {"covered_lines": 11, "num_statements": 13, "percent_covered": 84.61538461538461, "percent_covered_display": "85", "missing_lines": 2, "excluded_lines": 0}, "missing_lines": [93, 95], "excluded_lines": []}, "StructuredLogger.info": {"executed_lines": [109, 110], "summary": {"covered_lines": 2, "num_statements": 2, "percent_covered": 100.0, "percent_covered_display": "100", "missing_lines": 0, "excluded_lines": 0}, "missing_lines": [], "excluded_lines": []}, "StructuredLogger.debug": {"executed_lines": [114, 115], "summary": {"covered_lines": 2, "num_statements": 2, "percent_covered": 100.0, "percent_covered_display": "100", "missing_lines": 0, "excluded_lines": 0}, "missing_lines": [], "excluded_lines": []}, "StructuredLogger.warning": {"executed_lines": [], "summary": {"covered_lines": 0, "num_statements": 2, "percent_covered": 0.0, "percent_covered_display": "0", "missing_lines": 2, "excluded_lines": 0}, "missing_lines": [119, 120], "excluded_lines": []}, "StructuredLogger.error": {"executed_lines": [], "summary": {"covered_lines": 0, "num_statements": 2, "percent_covered": 0.0, "percent_covered_display": "0", "missing_lines": 2, "excluded_lines": 0}, "missing_lines": [124, 125], "excluded_lines": []}, "log_workflow_event": {"executed_lines": [], "summary": {"covered_lines": 0, "num_statements": 2, "percent_covered": 0.0, "percent_covered_display": "0", "missing_lines": 2, "excluded_lines": 0}, "missing_lines": [145, 146], "excluded_lines": []}, "log_workflow_event_with_user": {"executed_lines": [], "summary": {"covered_lines": 0, "num_statements": 4, "percent_covered": 0.0, "percent_covered_display": "0", "missing_lines": 4, "excluded_lines": 0}, "missing_lines": [166, 167, 168, 170], "excluded_lines": []}, "log_workflow_error": {"executed_lines": [], "summary": {"covered_lines": 0, "num_statements": 4, "percent_covered": 0.0, "percent_covered_display": "0", "missing_lines": 4, "excluded_lines": 1}, "missing_lines": [188, 189, 191, 192], "excluded_lines": [174]}, "": {"executed_lines": [1, 14, 15, 17, 20, 55, 58, 59, 76, 85, 107, 112, 117, 122, 129, 149, 173, 196, 197, 198, 199], "summary": {"covered_lines": 19, "num_statements": 19, "percent_covered": 100.0, "percent_covered_display": "100", "missing_lines": 0, "excluded_lines": 0}, "missing_lines": [], "excluded_lines": []}}, "classes": {"StructuredLogger": {"executed_lines": [82, 83, 87, 90, 91, 92, 94, 96, 97, 99, 101, 103, 105, 109, 110, 114, 115], "summary": {"covered_lines": 17, "num_statements": 23, "percent_covered": 73.91304347826087, "percent_covered_display": "74", "missing_lines": 6, "excluded_lines": 0}, "missing_lines": [93, 95, 119, 120, 124, 125], "excluded_lines": []}, "": {"executed_lines": [1, 14, 15, 17, 20, 55, 58, 59, 76, 85, 107, 112, 117, 122, 129, 149, 173, 196, 197, 198, 199], "summary": {"covered_lines": 19, "num_statements": 29, "percent_covered": 65.51724137931035, "percent_covered_display": "66", "missing_lines": 10, "excluded_lines": 1}, "missing_lines": [145, 146, 166, 167, 168, 170, 188, 189, 191, 192], "excluded_lines": [174]}}}, "django_workflow_engine/example_actions.py": {"executed_lines": [1, 10, 11, 13, 14, 15, 16, 17, 19, 21, 22, 30, 35, 64, 66, 67, 68, 69, 72, 73, 74, 75, 78, 81, 86, 94, 98, 100, 101, 102, 105, 110, 123, 124, 125, 126, 127, 129, 130, 132, 136, 146, 154, 157, 159, 160, 161, 169, 174, 190, 192, 193, 194, 197, 200, 201, 206, 208, 209, 210, 218, 223, 237, 238, 239, 240, 241, 243, 244, 245, 246, 248, 250, 251, 254, 257, 260, 263, 264, 265, 269, 271, 272, 273, 276, 281, 294, 295, 296, 297, 298, 300, 301, 304, 305, 308, 309, 312, 313, 314, 319, 321, 322, 323, 331, 336, 350, 351, 352, 356, 358, 360, 368, 370, 371, 372, 380, 385, 399, 400, 401, 402, 403, 406, 407, 410, 413, 418, 420, 421, 422, 430, 440, 441, 443, 444, 445, 446, 447, 448, 450, 451, 452, 453, 455, 456, 457, 461, 462, 464, 467, 476, 477, 479, 480, 481, 482, 484, 486, 488, 489, 490, 491, 495, 496, 497, 498, 499, 501, 504, 507, 508, 510, 511, 514, 515, 517, 520, 522, 527, 532, 536, 537, 539, 541, 552, 558, 559, 560, 562, 563, 564, 566], "summary": {"covered_lines": 192, "num_statements": 193, "percent_covered": 99.48186528497409, "percent_covered_display": "99", "missing_lines": 1, "excluded_lines": 0}, "missing_lines": [261], "excluded_lines": [], "functions": {"send_approval_email": {"executed_lines": [64, 66, 67, 68, 69, 72, 73, 74, 75, 78, 81, 86, 94, 98, 100, 101, 102], "summary": {"covered_lines": 17, "num_statements": 17, "percent_covered": 100.0, "percent_covered_display": "100", "missing_lines": 0, "excluded_lines": 0}, "missing_lines": [], "excluded_lines": []}, "send_rejection_email": {"executed_lines": [123, 124, 125, 126, 127, 129, 130, 132, 136, 146, 154, 157, 159, 160, 161], "summary": {"covered_lines": 15, "num_statements": 15, "percent_covered": 100.0, "percent_covered_display": "100", "missing_lines": 0, "excluded_lines": 0}, "missing_lines": [], "excluded_lines": []}, "send_notification": {"executed_lines": [190, 192, 193, 194, 197, 200, 201, 206, 208, 209, 210], "summary": {"covered_lines": 11, "num_statements": 11, "percent_covered": 100.0, "percent_covered_display": "100", "missing_lines": 0, "excluded_lines": 0}, "missing_lines": [], "excluded_lines": []}, "update_object_status": {"executed_lines": [237, 238, 239, 240, 241, 243, 244, 245, 246, 248, 250, 251, 254, 257, 260, 263, 264, 265, 269, 271, 272, 273], "summary": {"covered_lines": 22, "num_statements": 23, "percent_covered": 95.65217391304348, "percent_covered_display": "96", "missing_lines": 1, "excluded_lines": 0}, "missing_lines": [261], "excluded_lines": []}, "mark_object_approved": {"executed_lines": [294, 295, 296, 297, 298, 300, 301, 304, 305, 308, 309, 312, 313, 314, 319, 321, 322, 323], "summary": {"covered_lines": 18, "num_statements": 18, "percent_covered": 100.0, "percent_covered_display": "100", "missing_lines": 0, "excluded_lines": 0}, "missing_lines": [], "excluded_lines": []}, "log_workflow_event": {"executed_lines": [350, 351, 352, 356, 358, 360, 368, 370, 371, 372], "summary": {"covered_lines": 10, "num_statements": 10, "percent_covered": 100.0, "percent_covered_display": "100", "missing_lines": 0, "excluded_lines": 0}, "missing_lines": [], "excluded_lines": []}, "update_inventory": {"executed_lines": [399, 400, 401, 402, 403, 406, 407, 410, 413, 418, 420, 421, 422], "summary": {"covered_lines": 13, "num_statements": 13, "percent_covered": 100.0, "percent_covered_display": "100", "missing_lines": 0, "excluded_lines": 0}, "missing_lines": [], "excluded_lines": []}, "_resolve_recipients": {"executed_lines": [440, 441, 443, 444, 445, 446, 447, 448, 450, 451, 452, 453, 455, 456, 457, 461, 462, 464], "summary": {"covered_lines": 18, "num_statements": 18, "percent_covered": 100.0, "percent_covered_display": "100", "missing_lines": 0, "excluded_lines": 0}, "missing_lines": [], "excluded_lines": []}, "_resolve_user_recipients": {"executed_lines": [476, 477, 479, 480, 481, 482, 484, 486, 488, 489, 490, 491, 495, 496, 497, 498, 499, 501], "summary": {"covered_lines": 18, "num_statements": 18, "percent_covered": 100.0, "percent_covered_display": "100", "missing_lines": 0, "excluded_lines": 0}, "missing_lines": [], "excluded_lines": []}, "_get_default_subject": {"executed_lines": [507, 508, 510, 511, 514, 515, 517, 520, 522, 527], "summary": {"covered_lines": 10, "num_statements": 10, "percent_covered": 100.0, "percent_covered_display": "100", "missing_lines": 0, "excluded_lines": 0}, "missing_lines": [], "excluded_lines": []}, "_prepare_email_message": {"executed_lines": [536, 537, 539, 541, 552, 558, 559, 560, 562, 563, 564, 566], "summary": {"covered_lines": 12, "num_statements": 12, "percent_covered": 100.0, "percent_covered_display": "100", "missing_lines": 0, "excluded_lines": 0}, "missing_lines": [], "excluded_lines": []}, "": {"executed_lines": [1, 10, 11, 13, 14, 15, 16, 17, 19, 21, 22, 30, 35, 105, 110, 169, 174, 218, 223, 276, 281, 331, 336, 380, 385, 430, 467, 504, 532], "summary": {"covered_lines": 28, "num_statements": 28, "percent_covered": 100.0, "percent_covered_display": "100", "missing_lines": 0, "excluded_lines": 0}, "missing_lines": [], "excluded_lines": []}}, "classes": {"": {"executed_lines": [1, 10, 11, 13, 14, 15, 16, 17, 19, 21, 22, 30, 35, 64, 66, 67, 68, 69, 72, 73, 74, 75, 78, 81, 86, 94, 98, 100, 101, 102, 105, 110, 123, 124, 125, 126, 127, 129, 130, 132, 136, 146, 154, 157, 159, 160, 161, 169, 174, 190, 192, 193, 194, 197, 200, 201, 206, 208, 209, 210, 218, 223, 237, 238, 239, 240, 241, 243, 244, 245, 246, 248, 250, 251, 254, 257, 260, 263, 264, 265, 269, 271, 272, 273, 276, 281, 294, 295, 296, 297, 298, 300, 301, 304, 305, 308, 309, 312, 313, 314, 319, 321, 322, 323, 331, 336, 350, 351, 352, 356, 358, 360, 368, 370, 371, 372, 380, 385, 399, 400, 401, 402, 403, 406, 407, 410, 413, 418, 420, 421, 422, 430, 440, 441, 443, 444, 445, 446, 447, 448, 450, 451, 452, 453, 455, 456, 457, 461, 462, 464, 467, 476, 477, 479, 480, 481, 482, 484, 486, 488, 489, 490, 491, 495, 496, 497, 498, 499, 501, 504, 507, 508, 510, 511, 514, 515, 517, 520, 522, 527, 532, 536, 537, 539, 541, 552, 558, 559, 560, 562, 563, 564, 566], "summary": {"covered_lines": 192, "num_statements": 193, "percent_covered": 99.48186528497409, "percent_covered_display": "99", "missing_lines": 1, "excluded_lines": 0}, "missing_lines": [261], "excluded_lines": []}}}, "django_workflow_engine/handlers.py": {"executed_lines": [1, 3, 4, 6, 9, 11, 12, 15, 16, 22, 36, 43, 49, 55, 61, 67, 81, 87, 93, 99, 105, 111, 117, 124, 156, 159, 162, 181, 183, 184, 186, 188, 190, 192, 195, 198, 199, 201, 208, 209, 211, 221, 223, 228, 229, 236, 237, 238, 240, 242, 243, 251, 252, 258, 259, 260, 265, 274, 277, 278, 286, 288, 290, 302, 306, 308, 312, 314, 316, 318, 319, 321, 322, 328, 329, 333, 334, 337, 338, 339, 340, 346, 357, 360, 361, 370, 371, 373, 383, 385, 386, 389, 390, 392, 394, 396, 397, 398, 400, 401, 402, 404, 407, 408, 409, 410, 411, 416, 425, 429, 430, 432, 436, 438, 440, 442, 443, 446, 447, 449, 451, 453, 456, 465, 473, 482, 484, 485, 486, 487, 490, 491, 498, 505, 506, 508, 519, 522, 530, 535, 537, 539, 541, 542, 543, 545], "summary": {"covered_lines": 140, "num_statements": 162, "percent_covered": 86.41975308641975, "percent_covered_display": "86", "missing_lines": 22, "excluded_lines": 2}, "missing_lines": [163, 164, 165, 166, 167, 168, 169, 173, 174, 175, 298, 299, 300, 304, 341, 343, 379, 380, 381, 434, 469, 470], "excluded_lines": [6, 7], "functions": {"BaseApprovalHandler.before_approve": {"executed_lines": [36], "summary": {"covered_lines": 1, "num_statements": 1, "percent_covered": 100.0, "percent_covered_display": "100", "missing_lines": 0, "excluded_lines": 0}, "missing_lines": [], "excluded_lines": []}, "BaseApprovalHandler.after_approve": {"executed_lines": [49], "summary": {"covered_lines": 1, "num_statements": 1, "percent_covered": 100.0, "percent_covered_display": "100", "missing_lines": 0, "excluded_lines": 0}, "missing_lines": [], "excluded_lines": []}, "BaseApprovalHandler.on_final_approve": {"executed_lines": [61], "summary": {"covered_lines": 1, "num_statements": 1, "percent_covered": 100.0, "percent_covered_display": "100", "missing_lines": 0, "excluded_lines": 0}, "missing_lines": [], "excluded_lines": []}, "BaseApprovalHandler.before_reject": {"executed_lines": [81], "summary": {"covered_lines": 1, "num_statements": 1, "percent_covered": 100.0, "percent_covered_display": "100", "missing_lines": 0, "excluded_lines": 0}, "missing_lines": [], "excluded_lines": []}, "BaseApprovalHandler.after_reject": {"executed_lines": [93], "summary": {"covered_lines": 1, "num_statements": 1, "percent_covered": 100.0, "percent_covered_display": "100", "missing_lines": 0, "excluded_lines": 0}, "missing_lines": [], "excluded_lines": []}, "BaseApprovalHandler.after_resubmission": {"executed_lines": [105], "summary": {"covered_lines": 1, "num_statements": 1, "percent_covered": 100.0, "percent_covered_display": "100", "missing_lines": 0, "excluded_lines": 0}, "missing_lines": [], "excluded_lines": []}, "BaseApprovalHandler.after_delegate": {"executed_lines": [117], "summary": {"covered_lines": 1, "num_statements": 1, "percent_covered": 100.0, "percent_covered_display": "100", "missing_lines": 0, "excluded_lines": 0}, "missing_lines": [], "excluded_lines": []}, "get_handler_for_instance": {"executed_lines": [156, 159, 162, 181, 183, 184, 186, 188, 190, 192, 195], "summary": {"covered_lines": 11, "num_statements": 21, "percent_covered": 52.38095238095238, "percent_covered_display": "52", "missing_lines": 10, "excluded_lines": 0}, "missing_lines": [163, 164, 165, 166, 167, 168, 169, 173, 174, 175], "excluded_lines": []}, "ApprovalStepBuilder.__init__": {"executed_lines": [208, 209], "summary": {"covered_lines": 2, "num_statements": 2, "percent_covered": 100.0, "percent_covered_display": "100", "missing_lines": 0, "excluded_lines": 0}, "missing_lines": [], "excluded_lines": []}, "ApprovalStepBuilder.build_steps": {"executed_lines": [221, 223], "summary": {"covered_lines": 2, "num_statements": 2, "percent_covered": 100.0, "percent_covered_display": "100", "missing_lines": 0, "excluded_lines": 0}, "missing_lines": [], "excluded_lines": []}, "WorkflowApprovalHandler.__init__": {"executed_lines": [237, 238], "summary": {"covered_lines": 2, "num_statements": 2, "percent_covered": 100.0, "percent_covered_display": "100", "missing_lines": 0, "excluded_lines": 0}, "missing_lines": [], "excluded_lines": []}, "WorkflowApprovalHandler.on_final_approve": {"executed_lines": [242, 243, 251, 252, 258, 259, 260, 265, 274, 277, 278, 286, 288, 290], "summary": {"covered_lines": 14, "num_statements": 17, "percent_covered": 82.3529411764706, "percent_covered_display": "82", "missing_lines": 3, "excluded_lines": 0}, "missing_lines": [298, 299, 300], "excluded_lines": []}, "WorkflowApprovalHandler.on_approve": {"executed_lines": [], "summary": {"covered_lines": 0, "num_statements": 1, "percent_covered": 0.0, "percent_covered_display": "0", "missing_lines": 1, "excluded_lines": 0}, "missing_lines": [304], "excluded_lines": []}, "WorkflowApprovalHandler.after_approve": {"executed_lines": [308], "summary": {"covered_lines": 1, "num_statements": 1, "percent_covered": 100.0, "percent_covered_display": "100", "missing_lines": 0, "excluded_lines": 0}, "missing_lines": [], "excluded_lines": []}, "WorkflowApprovalHandler.on_reject": {"executed_lines": [314], "summary": {"covered_lines": 1, "num_statements": 1, "percent_covered": 100.0, "percent_covered_display": "100", "missing_lines": 0, "excluded_lines": 0}, "missing_lines": [], "excluded_lines": []}, "WorkflowApprovalHandler.after_reject": {"executed_lines": [318, 319, 321, 322, 328, 329, 333, 334, 337, 338, 339, 340, 346, 357, 360, 361, 370, 371, 373], "summary": {"covered_lines": 19, "num_statements": 24, "percent_covered": 79.16666666666667, "percent_covered_display": "79", "missing_lines": 5, "excluded_lines": 0}, "missing_lines": [341, 343, 379, 380, 381], "excluded_lines": []}, "WorkflowApprovalHandler.after_resubmission": {"executed_lines": [385, 386, 389, 390, 392, 394, 396, 397, 398, 400, 401, 402, 404, 407, 408, 409, 410, 411, 416, 425, 429, 430], "summary": {"covered_lines": 22, "num_statements": 22, "percent_covered": 100.0, "percent_covered_display": "100", "missing_lines": 0, "excluded_lines": 0}, "missing_lines": [], "excluded_lines": []}, "WorkflowApprovalHandler.on_resubmission": {"executed_lines": [], "summary": {"covered_lines": 0, "num_statements": 1, "percent_covered": 0.0, "percent_covered_display": "0", "missing_lines": 1, "excluded_lines": 0}, "missing_lines": [434], "excluded_lines": []}, "WorkflowApprovalHandler.on_delegate": {"executed_lines": [438], "summary": {"covered_lines": 1, "num_statements": 1, "percent_covered": 100.0, "percent_covered_display": "100", "missing_lines": 0, "excluded_lines": 0}, "missing_lines": [], "excluded_lines": []}, "WorkflowApprovalHandler.after_delegate": {"executed_lines": [442, 443, 446, 447, 449, 451, 453, 456, 465], "summary": {"covered_lines": 9, "num_statements": 11, "percent_covered": 81.81818181818181, "percent_covered_display": "82", "missing_lines": 2, "excluded_lines": 0}, "missing_lines": [469, 470], "excluded_lines": []}, "get_workflow_handler_for_object": {"executed_lines": [482, 484, 485, 486, 487], "summary": {"covered_lines": 5, "num_statements": 5, "percent_covered": 100.0, "percent_covered_display": "100", "missing_lines": 0, "excluded_lines": 0}, "missing_lines": [], "excluded_lines": []}, "WorkflowProgressManager.__init__": {"executed_lines": [505, 506], "summary": {"covered_lines": 2, "num_statements": 2, "percent_covered": 100.0, "percent_covered_display": "100", "missing_lines": 0, "excluded_lines": 0}, "missing_lines": [], "excluded_lines": []}, "WorkflowProgressManager.attach_and_start_workflow": {"executed_lines": [519, 522, 530, 535], "summary": {"covered_lines": 4, "num_statements": 4, "percent_covered": 100.0, "percent_covered_display": "100", "missing_lines": 0, "excluded_lines": 0}, "missing_lines": [], "excluded_lines": []}, "WorkflowProgressManager.get_current_status": {"executed_lines": [539, 541, 542, 543, 545], "summary": {"covered_lines": 5, "num_statements": 5, "percent_covered": 100.0, "percent_covered_display": "100", "missing_lines": 0, "excluded_lines": 0}, "missing_lines": [], "excluded_lines": []}, "": {"executed_lines": [1, 3, 4, 6, 9, 11, 12, 15, 16, 22, 43, 55, 67, 87, 99, 111, 124, 198, 199, 201, 211, 228, 229, 236, 240, 302, 306, 312, 316, 383, 432, 436, 440, 473, 490, 491, 498, 508, 537], "summary": {"covered_lines": 33, "num_statements": 33, "percent_covered": 100.0, "percent_covered_display": "100", "missing_lines": 0, "excluded_lines": 2}, "missing_lines": [], "excluded_lines": [6, 7]}}, "classes": {"BaseApprovalHandler": {"executed_lines": [36, 49, 61, 81, 93, 105, 117], "summary": {"covered_lines": 7, "num_statements": 7, "percent_covered": 100.0, "percent_covered_display": "100", "missing_lines": 0, "excluded_lines": 0}, "missing_lines": [], "excluded_lines": []}, "ApprovalStepBuilder": {"executed_lines": [208, 209, 221, 223], "summary": {"covered_lines": 4, "num_statements": 4, "percent_covered": 100.0, "percent_covered_display": "100", "missing_lines": 0, "excluded_lines": 0}, "missing_lines": [], "excluded_lines": []}, "WorkflowApprovalHandler": {"executed_lines": [237, 238, 242, 243, 251, 252, 258, 259, 260, 265, 274, 277, 278, 286, 288, 290, 308, 314, 318, 319, 321, 322, 328, 329, 333, 334, 337, 338, 339, 340, 346, 357, 360, 361, 370, 371, 373, 385, 386, 389, 390, 392, 394, 396, 397, 398, 400, 401, 402, 404, 407, 408, 409, 410, 411, 416, 425, 429, 430, 438, 442, 443, 446, 447, 449, 451, 453, 456, 465], "summary": {"covered_lines": 69, "num_statements": 81, "percent_covered": 85.18518518518519, "percent_covered_display": "85", "missing_lines": 12, "excluded_lines": 0}, "missing_lines": [298, 299, 300, 304, 341, 343, 379, 380, 381, 434, 469, 470], "excluded_lines": []}, "WorkflowProgressManager": {"executed_lines": [505, 506, 519, 522, 530, 535, 539, 541, 542, 543, 545], "summary": {"covered_lines": 11, "num_statements": 11, "percent_covered": 100.0, "percent_covered_display": "100", "missing_lines": 0, "excluded_lines": 0}, "missing_lines": [], "excluded_lines": []}, "": {"executed_lines": [1, 3, 4, 6, 9, 11, 12, 15, 16, 22, 43, 55, 67, 87, 99, 111, 124, 156, 159, 162, 181, 183, 184, 186, 188, 190, 192, 195, 198, 199, 201, 211, 228, 229, 236, 240, 302, 306, 312, 316, 383, 432, 436, 440, 473, 482, 484, 485, 486, 487, 490, 491, 498, 508, 537], "summary": {"covered_lines": 49, "num_statements": 59, "percent_covered": 83.05084745762711, "percent_covered_display": "83", "missing_lines": 10, "excluded_lines": 2}, "missing_lines": [163, 164, 165, 166, 167, 168, 169, 173, 174, 175], "excluded_lines": [6, 7]}}}, "django_workflow_engine/logging_utils.py": {"executed_lines": [1, 7, 8, 10, 13, 14, 16, 17, 19, 27, 29, 31, 35, 43, 47, 55, 59, 67, 76, 85, 93, 101, 110, 120, 124, 132, 134, 138, 140, 146, 147, 148, 149, 152, 160, 165, 169, 170, 179, 187, 188], "summary": {"covered_lines": 39, "num_statements": 39, "percent_covered": 100.0, "percent_covered_display": "100", "missing_lines": 0, "excluded_lines": 0}, "missing_lines": [], "excluded_lines": [], "functions": {"WorkflowLogger.__init__": {"executed_lines": [17], "summary": {"covered_lines": 1, "num_statements": 1, "percent_covered": 100.0, "percent_covered_display": "100", "missing_lines": 0, "excluded_lines": 0}, "missing_lines": [], "excluded_lines": []}, "WorkflowLogger.log_action": {"executed_lines": [27, 29], "summary": {"covered_lines": 2, "num_statements": 2, "percent_covered": 100.0, "percent_covered_display": "100", "missing_lines": 0, "excluded_lines": 0}, "missing_lines": [], "excluded_lines": []}, "WorkflowLogger.log_workflow_created": {"executed_lines": [35], "summary": {"covered_lines": 1, "num_statements": 1, "percent_covered": 100.0, "percent_covered_display": "100", "missing_lines": 0, "excluded_lines": 0}, "missing_lines": [], "excluded_lines": []}, "WorkflowLogger.log_workflow_attached": {"executed_lines": [47], "summary": {"covered_lines": 1, "num_statements": 1, "percent_covered": 100.0, "percent_covered_display": "100", "missing_lines": 0, "excluded_lines": 0}, "missing_lines": [], "excluded_lines": []}, "WorkflowLogger.log_workflow_started": {"executed_lines": [59], "summary": {"covered_lines": 1, "num_statements": 1, "percent_covered": 100.0, "percent_covered_display": "100", "missing_lines": 0, "excluded_lines": 0}, "missing_lines": [], "excluded_lines": []}, "WorkflowLogger.log_stage_moved": {"executed_lines": [76], "summary": {"covered_lines": 1, "num_statements": 1, "percent_covered": 100.0, "percent_covered_display": "100", "missing_lines": 0, "excluded_lines": 0}, "missing_lines": [], "excluded_lines": []}, "WorkflowLogger.log_workflow_completed": {"executed_lines": [93], "summary": {"covered_lines": 1, "num_statements": 1, "percent_covered": 100.0, "percent_covered_display": "100", "missing_lines": 0, "excluded_lines": 0}, "missing_lines": [], "excluded_lines": []}, "WorkflowLogger.log_workflow_rejected": {"executed_lines": [110], "summary": {"covered_lines": 1, "num_statements": 1, "percent_covered": 100.0, "percent_covered_display": "100", "missing_lines": 0, "excluded_lines": 0}, "missing_lines": [], "excluded_lines": []}, "WorkflowLogger.log_approval_action": {"executed_lines": [124], "summary": {"covered_lines": 1, "num_statements": 1, "percent_covered": 100.0, "percent_covered_display": "100", "missing_lines": 0, "excluded_lines": 0}, "missing_lines": [], "excluded_lines": []}, "WorkflowLogger.log_error": {"executed_lines": [134], "summary": {"covered_lines": 1, "num_statements": 1, "percent_covered": 100.0, "percent_covered_display": "100", "missing_lines": 0, "excluded_lines": 0}, "missing_lines": [], "excluded_lines": []}, "WorkflowLogger.log_performance": {"executed_lines": [140], "summary": {"covered_lines": 1, "num_statements": 1, "percent_covered": 100.0, "percent_covered_display": "100", "missing_lines": 0, "excluded_lines": 0}, "missing_lines": [], "excluded_lines": []}, "log_model_operation": {"executed_lines": [160], "summary": {"covered_lines": 1, "num_statements": 1, "percent_covered": 100.0, "percent_covered_display": "100", "missing_lines": 0, "excluded_lines": 0}, "missing_lines": [], "excluded_lines": []}, "log_serializer_validation": {"executed_lines": [169, 170], "summary": {"covered_lines": 2, "num_statements": 2, "percent_covered": 100.0, "percent_covered_display": "100", "missing_lines": 0, "excluded_lines": 0}, "missing_lines": [], "excluded_lines": []}, "log_api_request": {"executed_lines": [187, 188], "summary": {"covered_lines": 2, "num_statements": 2, "percent_covered": 100.0, "percent_covered_display": "100", "missing_lines": 0, "excluded_lines": 0}, "missing_lines": [], "excluded_lines": []}, "": {"executed_lines": [1, 7, 8, 10, 13, 14, 16, 19, 31, 43, 55, 67, 85, 101, 120, 132, 138, 146, 147, 148, 149, 152, 165, 179], "summary": {"covered_lines": 22, "num_statements": 22, "percent_covered": 100.0, "percent_covered_display": "100", "missing_lines": 0, "excluded_lines": 0}, "missing_lines": [], "excluded_lines": []}}, "classes": {"WorkflowLogger": {"executed_lines": [17, 27, 29, 35, 47, 59, 76, 93, 110, 124, 134, 140], "summary": {"covered_lines": 12, "num_statements": 12, "percent_covered": 100.0, "percent_covered_display": "100", "missing_lines": 0, "excluded_lines": 0}, "missing_lines": [], "excluded_lines": []}, "": {"executed_lines": [1, 7, 8, 10, 13, 14, 16, 19, 31, 43, 55, 67, 85, 101, 120, 132, 138, 146, 147, 148, 149, 152, 160, 165, 169, 170, 179, 187, 188], "summary": {"covered_lines": 27, "num_statements": 27, "percent_covered": 100.0, "percent_covered_display": "100", "missing_lines": 0, "excluded_lines": 0}, "missing_lines": [], "excluded_lines": []}}}, "django_workflow_engine/management/__init__.py": {"executed_lines": [1], "summary": {"covered_lines": 0, "num_statements": 0, "percent_covered": 100.0, "percent_covered_display": "100", "missing_lines": 0, "excluded_lines": 0}, "missing_lines": [], "excluded_lines": [], "functions": {"": {"executed_lines": [1], "summary": {"covered_lines": 0, "num_statements": 0, "percent_covered": 100.0, "percent_covered_display": "100", "missing_lines": 0, "excluded_lines": 0}, "missing_lines": [], "excluded_lines": []}}, "classes": {"": {"executed_lines": [1], "summary": {"covered_lines": 0, "num_statements": 0, "percent_covered": 100.0, "percent_covered_display": "100", "missing_lines": 0, "excluded_lines": 0}, "missing_lines": [], "excluded_lines": []}}}, "django_workflow_engine/management/commands/__init__.py": {"executed_lines": [1], "summary": {"covered_lines": 0, "num_statements": 0, "percent_covered": 100.0, "percent_covered_display": "100", "missing_lines": 0, "excluded_lines": 0}, "missing_lines": [], "excluded_lines": [], "functions": {"": {"executed_lines": [1], "summary": {"covered_lines": 0, "num_statements": 0, "percent_covered": 100.0, "percent_covered_display": "100", "missing_lines": 0, "excluded_lines": 0}, "missing_lines": [], "excluded_lines": []}}, "classes": {"": {"executed_lines": [1], "summary": {"covered_lines": 0, "num_statements": 0, "percent_covered": 100.0, "percent_covered_display": "100", "missing_lines": 0, "excluded_lines": 0}, "missing_lines": [], "excluded_lines": []}}}, "django_workflow_engine/management/commands/cleanup_workflows.py": {"executed_lines": [1, 13, 15, 22, 23, 25, 26, 32, 37, 42, 47, 54, 56, 57, 58, 60, 61, 62, 63, 66, 67, 71, 78, 79, 80, 81, 83, 85, 91, 95, 96, 97, 102, 108, 113, 119, 124, 125, 127, 129, 130, 131, 143, 148, 149, 155, 157, 159, 161, 164, 167, 168, 172, 176, 182, 183, 186, 191, 194, 195, 202, 203, 206, 209, 214, 215, 216, 217, 221, 224, 225, 226, 229, 230, 233, 237, 239, 241, 242, 243], "summary": {"covered_lines": 79, "num_statements": 80, "percent_covered": 98.75, "percent_covered_display": "99", "missing_lines": 1, "excluded_lines": 0}, "missing_lines": [137], "excluded_lines": [], "functions": {"Command.add_arguments": {"executed_lines": [26, 32, 37, 42, 47], "summary": {"covered_lines": 5, "num_statements": 5, "percent_covered": 100.0, "percent_covered_display": "100", "missing_lines": 0, "excluded_lines": 0}, "missing_lines": [], "excluded_lines": []}, "Command.handle": {"executed_lines": [56, 57, 58, 60, 61, 62, 63, 66, 67, 71, 78, 79, 80, 81, 83, 85, 91, 95, 96, 97, 102, 108, 113, 119, 124, 125, 127, 129, 130, 131, 143, 148, 149, 155], "summary": {"covered_lines": 34, "num_statements": 35, "percent_covered": 97.14285714285714, "percent_covered_display": "97", "missing_lines": 1, "excluded_lines": 0}, "missing_lines": [137], "excluded_lines": []}, "Command.show_statistics": {"executed_lines": [159, 161, 164, 167, 168, 172, 176, 182, 183, 186, 191, 194, 195, 202, 203, 206, 209, 214, 215, 216, 217, 221, 224, 225, 226, 229, 230, 233, 237], "summary": {"covered_lines": 29, "num_statements": 29, "percent_covered": 100.0, "percent_covered_display": "100", "missing_lines": 0, "excluded_lines": 0}, "missing_lines": [], "excluded_lines": []}, "Command._percent": {"executed_lines": [241, 242, 243], "summary": {"covered_lines": 3, "num_statements": 3, "percent_covered": 100.0, "percent_covered_display": "100", "missing_lines": 0, "excluded_lines": 0}, "missing_lines": [], "excluded_lines": []}, "": {"executed_lines": [1, 13, 15, 22, 23, 25, 54, 157, 239], "summary": {"covered_lines": 8, "num_statements": 8, "percent_covered": 100.0, "percent_covered_display": "100", "missing_lines": 0, "excluded_lines": 0}, "missing_lines": [], "excluded_lines": []}}, "classes": {"Command": {"executed_lines": [26, 32, 37, 42, 47, 56, 57, 58, 60, 61, 62, 63, 66, 67, 71, 78, 79, 80, 81, 83, 85, 91, 95, 96, 97, 102, 108, 113, 119, 124, 125, 127, 129, 130, 131, 143, 148, 149, 155, 159, 161, 164, 167, 168, 172, 176, 182, 183, 186, 191, 194, 195, 202, 203, 206, 209, 214, 215, 216, 217, 221, 224, 225, 226, 229, 230, 233, 237, 241, 242, 243], "summary": {"covered_lines": 71, "num_statements": 72, "percent_covered": 98.61111111111111, "percent_covered_display": "99", "missing_lines": 1, "excluded_lines": 0}, "missing_lines": [137], "excluded_lines": []}, "": {"executed_lines": [1, 13, 15, 22, 23, 25, 54, 157, 239], "summary": {"covered_lines": 8, "num_statements": 8, "percent_covered": 100.0, "percent_covered_display": "100", "missing_lines": 0, "excluded_lines": 0}, "missing_lines": [], "excluded_lines": []}}}, "django_workflow_engine/management/commands/compilemessages.py": {"executed_lines": [1, 3, 5, 6, 9, 10, 12, 14, 15, 23, 25, 28, 30, 36, 37, 38, 39, 41, 42, 43, 45, 47, 48, 54, 59, 60, 64, 70], "summary": {"covered_lines": 26, "num_statements": 26, "percent_covered": 100.0, "percent_covered_display": "100", "missing_lines": 0, "excluded_lines": 0}, "missing_lines": [], "excluded_lines": [], "functions": {"Command.add_arguments": {"executed_lines": [15], "summary": {"covered_lines": 1, "num_statements": 1, "percent_covered": 100.0, "percent_covered_display": "100", "missing_lines": 0, "excluded_lines": 0}, "missing_lines": [], "excluded_lines": []}, "Command.handle": {"executed_lines": [25, 28, 30, 36, 37, 38, 39, 41, 42, 43, 45, 47, 48, 54, 59, 60, 64, 70], "summary": {"covered_lines": 18, "num_statements": 18, "percent_covered": 100.0, "percent_covered_display": "100", "missing_lines": 0, "excluded_lines": 0}, "missing_lines": [], "excluded_lines": []}, "": {"executed_lines": [1, 3, 5, 6, 9, 10, 12, 14, 23], "summary": {"covered_lines": 7, "num_statements": 7, "percent_covered": 100.0, "percent_covered_display": "100", "missing_lines": 0, "excluded_lines": 0}, "missing_lines": [], "excluded_lines": []}}, "classes": {"Command": {"executed_lines": [15, 25, 28, 30, 36, 37, 38, 39, 41, 42, 43, 45, 47, 48, 54, 59, 60, 64, 70], "summary": {"covered_lines": 19, "num_statements": 19, "percent_covered": 100.0, "percent_covered_display": "100", "missing_lines": 0, "excluded_lines": 0}, "missing_lines": [], "excluded_lines": []}, "": {"executed_lines": [1, 3, 5, 6, 9, 10, 12, 14, 23], "summary": {"covered_lines": 7, "num_statements": 7, "percent_covered": 100.0, "percent_covered_display": "100", "missing_lines": 0, "excluded_lines": 0}, "missing_lines": [], "excluded_lines": []}}}, "django_workflow_engine/management/commands/setup_workflows.py": {"executed_lines": [1, 3, 4, 6, 8, 11, 12, 14, 16, 18, 24, 27, 34, 36, 38, 40, 41, 43, 44, 45, 48, 99, 101, 102, 109, 111, 118, 119, 123, 129, 130, 131], "summary": {"covered_lines": 30, "num_statements": 30, "percent_covered": 100.0, "percent_covered_display": "100", "missing_lines": 0, "excluded_lines": 0}, "missing_lines": [], "excluded_lines": [], "functions": {"Command.add_arguments": {"executed_lines": [18, 24, 27], "summary": {"covered_lines": 3, "num_statements": 3, "percent_covered": 100.0, "percent_covered_display": "100", "missing_lines": 0, "excluded_lines": 0}, "missing_lines": [], "excluded_lines": []}, "Command.handle": {"executed_lines": [36, 38, 40, 41, 43, 44, 45, 48, 99, 101, 102, 109, 111, 118, 119, 123, 129, 130, 131], "summary": {"covered_lines": 19, "num_statements": 19, "percent_covered": 100.0, "percent_covered_display": "100", "missing_lines": 0, "excluded_lines": 0}, "missing_lines": [], "excluded_lines": []}, "": {"executed_lines": [1, 3, 4, 6, 8, 11, 12, 14, 16, 34], "summary": {"covered_lines": 8, "num_statements": 8, "percent_covered": 100.0, "percent_covered_display": "100", "missing_lines": 0, "excluded_lines": 0}, "missing_lines": [], "excluded_lines": []}}, "classes": {"Command": {"executed_lines": [18, 24, 27, 36, 38, 40, 41, 43, 44, 45, 48, 99, 101, 102, 109, 111, 118, 119, 123, 129, 130, 131], "summary": {"covered_lines": 22, "num_statements": 22, "percent_covered": 100.0, "percent_covered_display": "100", "missing_lines": 0, "excluded_lines": 0}, "missing_lines": [], "excluded_lines": []}, "": {"executed_lines": [1, 3, 4, 6, 8, 11, 12, 14, 16, 34], "summary": {"covered_lines": 8, "num_statements": 8, "percent_covered": 100.0, "percent_covered_display": "100", "missing_lines": 0, "excluded_lines": 0}, "missing_lines": [], "excluded_lines": []}}}, "django_workflow_engine/migrations/0001_initial.py": {"executed_lines": [3, 4, 5, 6, 7, 11, 16, 17, 22, 25, 27, 29, 34], "summary": {"covered_lines": 13, "num_statements": 14, "percent_covered": 92.85714285714286, "percent_covered_display": "93", "missing_lines": 1, "excluded_lines": 0}, "missing_lines": [19], "excluded_lines": [], "functions": {"create_check_constraint": {"executed_lines": [16, 17, 22], "summary": {"covered_lines": 3, "num_statements": 4, "percent_covered": 75.0, "percent_covered_display": "75", "missing_lines": 1, "excluded_lines": 0}, "missing_lines": [19], "excluded_lines": []}, "": {"executed_lines": [3, 4, 5, 6, 7, 11, 25, 27, 29, 34], "summary": {"covered_lines": 10, "num_statements": 10, "percent_covered": 100.0, "percent_covered_display": "100", "missing_lines": 0, "excluded_lines": 0}, "missing_lines": [], "excluded_lines": []}}, "classes": {"Migration": {"executed_lines": [], "summary": {"covered_lines": 0, "num_statements": 0, "percent_covered": 100.0, "percent_covered_display": "100", "missing_lines": 0, "excluded_lines": 0}, "missing_lines": [], "excluded_lines": []}, "": {"executed_lines": [3, 4, 5, 6, 7, 11, 16, 17, 22, 25, 27, 29, 34], "summary": {"covered_lines": 13, "num_statements": 14, "percent_covered": 92.85714285714286, "percent_covered_display": "93", "missing_lines": 1, "excluded_lines": 0}, "missing_lines": [19], "excluded_lines": []}}}, "django_workflow_engine/migrations/0002_alter_workflow_options_and_more.py": {"executed_lines": [3, 4, 7, 9, 13], "summary": {"covered_lines": 5, "num_statements": 5, "percent_covered": 100.0, "percent_covered_display": "100", "missing_lines": 0, "excluded_lines": 0}, "missing_lines": [], "excluded_lines": [], "functions": {"": {"executed_lines": [3, 4, 7, 9, 13], "summary": {"covered_lines": 5, "num_statements": 5, "percent_covered": 100.0, "percent_covered_display": "100", "missing_lines": 0, "excluded_lines": 0}, "missing_lines": [], "excluded_lines": []}}, "classes": {"Migration": {"executed_lines": [], "summary": {"covered_lines": 0, "num_statements": 0, "percent_covered": 100.0, "percent_covered_display": "100", "missing_lines": 0, "excluded_lines": 0}, "missing_lines": [], "excluded_lines": []}, "": {"executed_lines": [3, 4, 7, 9, 13], "summary": {"covered_lines": 5, "num_statements": 5, "percent_covered": 100.0, "percent_covered_display": "100", "missing_lines": 0, "excluded_lines": 0}, "missing_lines": [], "excluded_lines": []}}}, "django_workflow_engine/migrations/0003_add_is_hidden_to_workflow.py": {"executed_lines": [3, 6, 8, 12], "summary": {"covered_lines": 4, "num_statements": 4, "percent_covered": 100.0, "percent_covered_display": "100", "missing_lines": 0, "excluded_lines": 0}, "missing_lines": [], "excluded_lines": [], "functions": {"": {"executed_lines": [3, 6, 8, 12], "summary": {"covered_lines": 4, "num_statements": 4, "percent_covered": 100.0, "percent_covered_display": "100", "missing_lines": 0, "excluded_lines": 0}, "missing_lines": [], "excluded_lines": []}}, "classes": {"Migration": {"executed_lines": [], "summary": {"covered_lines": 0, "num_statements": 0, "percent_covered": 100.0, "percent_covered_display": "100", "missing_lines": 0, "excluded_lines": 0}, "missing_lines": [], "excluded_lines": []}, "": {"executed_lines": [3, 6, 8, 12], "summary": {"covered_lines": 4, "num_statements": 4, "percent_covered": 100.0, "percent_covered_display": "100", "missing_lines": 0, "excluded_lines": 0}, "missing_lines": [], "excluded_lines": []}}}, "django_workflow_engine/migrations/0004_add_status_values_to_workflowconfiguration.py": {"executed_lines": [3, 6, 8, 12], "summary": {"covered_lines": 4, "num_statements": 4, "percent_covered": 100.0, "percent_covered_display": "100", "missing_lines": 0, "excluded_lines": 0}, "missing_lines": [], "excluded_lines": [], "functions": {"": {"executed_lines": [3, 6, 8, 12], "summary": {"covered_lines": 4, "num_statements": 4, "percent_covered": 100.0, "percent_covered_display": "100", "missing_lines": 0, "excluded_lines": 0}, "missing_lines": [], "excluded_lines": []}}, "classes": {"Migration": {"executed_lines": [], "summary": {"covered_lines": 0, "num_statements": 0, "percent_covered": 100.0, "percent_covered_display": "100", "missing_lines": 0, "excluded_lines": 0}, "missing_lines": [], "excluded_lines": []}, "": {"executed_lines": [3, 6, 8, 12], "summary": {"covered_lines": 4, "num_statements": 4, "percent_covered": 100.0, "percent_covered_display": "100", "missing_lines": 0, "excluded_lines": 0}, "missing_lines": [], "excluded_lines": []}}}, "django_workflow_engine/migrations/0005_add_workflow_strategy_system.py": {"executed_lines": [3, 6, 8, 12], "summary": {"covered_lines": 4, "num_statements": 4, "percent_covered": 100.0, "percent_covered_display": "100", "missing_lines": 0, "excluded_lines": 0}, "missing_lines": [], "excluded_lines": [], "functions": {"": {"executed_lines": [3, 6, 8, 12], "summary": {"covered_lines": 4, "num_statements": 4, "percent_covered": 100.0, "percent_covered_display": "100", "missing_lines": 0, "excluded_lines": 0}, "missing_lines": [], "excluded_lines": []}}, "classes": {"Migration": {"executed_lines": [], "summary": {"covered_lines": 0, "num_statements": 0, "percent_covered": 100.0, "percent_covered_display": "100", "missing_lines": 0, "excluded_lines": 0}, "missing_lines": [], "excluded_lines": []}, "": {"executed_lines": [3, 6, 8, 12], "summary": {"covered_lines": 4, "num_statements": 4, "percent_covered": 100.0, "percent_covered_display": "100", "missing_lines": 0, "excluded_lines": 0}, "missing_lines": [], "excluded_lines": []}}}, "django_workflow_engine/migrations/0006_fix_workflow_strategy_values.py": {"executed_lines": [3, 6, 49, 55, 57, 61], "summary": {"covered_lines": 6, "num_statements": 22, "percent_covered": 27.272727272727273, "percent_covered_display": "27", "missing_lines": 16, "excluded_lines": 0}, "missing_lines": [16, 17, 19, 21, 23, 27, 29, 32, 34, 35, 41, 42, 43, 44, 51, 52], "excluded_lines": [], "functions": {"fix_workflow_strategies": {"executed_lines": [], "summary": {"covered_lines": 0, "num_statements": 14, "percent_covered": 0.0, "percent_covered_display": "0", "missing_lines": 14, "excluded_lines": 0}, "missing_lines": [16, 17, 19, 21, 23, 27, 29, 32, 34, 35, 41, 42, 43, 44], "excluded_lines": []}, "reverse_fix": {"executed_lines": [], "summary": {"covered_lines": 0, "num_statements": 2, "percent_covered": 0.0, "percent_covered_display": "0", "missing_lines": 2, "excluded_lines": 0}, "missing_lines": [51, 52], "excluded_lines": []}, "": {"executed_lines": [3, 6, 49, 55, 57, 61], "summary": {"covered_lines": 6, "num_statements": 6, "percent_covered": 100.0, "percent_covered_display": "100", "missing_lines": 0, "excluded_lines": 0}, "missing_lines": [], "excluded_lines": []}}, "classes": {"Migration": {"executed_lines": [], "summary": {"covered_lines": 0, "num_statements": 0, "percent_covered": 100.0, "percent_covered_display": "100", "
[...]
es": 0, "excluded_lines": 0}, "missing_lines": [], "excluded_lines": []}, "TestFormEnrichment.test_flatten_nested_form_with_dropdown_trigger": {"executed_lines": [60, 75, 77, 79, 80, 81], "summary": {"covered_lines": 6, "num_statements": 6, "percent_covered": 100.0, "percent_covered_display": "100", "missing_lines": 0, "excluded_lines": 0}, "missing_lines": [], "excluded_lines": []}, "TestFormEnrichment.test_flatten_nested_form_not_triggered": {"executed_lines": [85, 100, 102, 104, 105], "summary": {"covered_lines": 5, "num_statements": 5, "percent_covered": 100.0, "percent_covered_display": "100", "missing_lines": 0, "excluded_lines": 0}, "missing_lines": [], "excluded_lines": []}, "TestFormEnrichment.test_flatten_nested_form_with_multi_choice_trigger": {"executed_lines": [109, 124, 126, 128, 129], "summary": {"covered_lines": 5, "num_statements": 5, "percent_covered": 100.0, "percent_covered_display": "100", "missing_lines": 0, "excluded_lines": 0}, "missing_lines": [], "excluded_lines": []}, "TestFormEnrichment.test_enrich_answers_basic": {"executed_lines": [133, 137, 139, 141, 142, 143, 144, 145], "summary": {"covered_lines": 8, "num_statements": 8, "percent_covered": 100.0, "percent_covered_display": "100", "missing_lines": 0, "excluded_lines": 0}, "missing_lines": [], "excluded_lines": []}, "TestFormEnrichment.test_enrich_answers_with_file_upload": {"executed_lines": [149, 154, 157, 160, 161, 162, 165, 169, 170, 172, 173], "summary": {"covered_lines": 11, "num_statements": 11, "percent_covered": 100.0, "percent_covered_display": "100", "missing_lines": 0, "excluded_lines": 0}, "missing_lines": [], "excluded_lines": []}, "TestFormEnrichment.test_enrich_answers_skips_missing_fields": {"executed_lines": [177, 181, 183, 185, 186], "summary": {"covered_lines": 5, "num_statements": 5, "percent_covered": 100.0, "percent_covered_display": "100", "missing_lines": 0, "excluded_lines": 0}, "missing_lines": [], "excluded_lines": []}, "TestFormEnrichment.test_nested_form_multi_choice_with_int_choice": {"executed_lines": [190, 211, 214, 216, 219, 220, 221, 222, 225, 228, 229, 230, 232, 233], "summary": {"covered_lines": 14, "num_statements": 14, "percent_covered": 100.0, "percent_covered_display": "100", "missing_lines": 0, "excluded_lines": 0}, "missing_lines": [], "excluded_lines": []}, "TestFormEnrichment.test_nested_form_dropdown_with_string_choice": {"executed_lines": [237, 254, 256, 258, 261, 262, 263, 264, 266, 268, 269, 270, 272, 273], "summary": {"covered_lines": 14, "num_statements": 14, "percent_covered": 100.0, "percent_covered_display": "100", "missing_lines": 0, "excluded_lines": 0}, "missing_lines": [], "excluded_lines": []}, "TestFormEnrichment.test_nested_form_not_triggered_when_different_choice": {"executed_lines": [277, 295, 297, 299, 302, 303], "summary": {"covered_lines": 6, "num_statements": 6, "percent_covered": 100.0, "percent_covered_display": "100", "missing_lines": 0, "excluded_lines": 0}, "missing_lines": [], "excluded_lines": []}, "TestFormEnrichment.test_nested_form_multi_level_nesting": {"executed_lines": [307, 334, 340, 342, 345, 346, 347, 348, 349, 351, 353, 354, 357, 361], "summary": {"covered_lines": 14, "num_statements": 14, "percent_covered": 100.0, "percent_covered_display": "100", "missing_lines": 0, "excluded_lines": 0}, "missing_lines": [], "excluded_lines": []}, "TestProgressCalculation.workflow_with_stages": {"executed_lines": [374, 383, 391, 392, 406, 407, 408, 410], "summary": {"covered_lines": 8, "num_statements": 8, "percent_covered": 100.0, "percent_covered_display": "100", "missing_lines": 0, "excluded_lines": 0}, "missing_lines": [], "excluded_lines": []}, "TestProgressCalculation.test_progress_calculation_at_completion": {"executed_lines": [416, 422, 427, 428, 429, 430, 433], "summary": {"covered_lines": 7, "num_statements": 7, "percent_covered": 100.0, "percent_covered_display": "100", "missing_lines": 0, "excluded_lines": 0}, "missing_lines": [], "excluded_lines": []}, "TestProgressCalculation.test_progress_calculation_midway": {"executed_lines": [437, 443, 448, 458, 461, 464, 465, 468], "summary": {"covered_lines": 8, "num_statements": 13, "percent_covered": 61.53846153846154, "percent_covered_display": "62", "missing_lines": 5, "excluded_lines": 0}, "missing_lines": [449, 452, 453, 454, 455], "excluded_lines": []}, "TestProgressCalculation.test_progress_with_multiple_pipelines": {"executed_lines": [473, 483, 491, 505, 520, 528, 542, 556, 557, 558, 561, 566, 571, 572, 573, 576, 577, 578, 579, 580, 583, 584, 585, 588, 589, 590, 591, 594, 595, 596, 599, 600, 601, 602, 603], "summary": {"covered_lines": 35, "num_statements": 35, "percent_covered": 100.0, "percent_covered_display": "100", "missing_lines": 0, "excluded_lines": 0}, "missing_lines": [], "excluded_lines": []}, "TestPipelineMovement.workflow_with_two_pipelines": {"executed_lines": [613, 622, 630, 644, 659, 667, 681, 695, 698, 699, 701], "summary": {"covered_lines": 11, "num_statements": 11, "percent_covered": 100.0, "percent_covered_display": "100", "missing_lines": 0, "excluded_lines": 0}, "missing_lines": [], "excluded_lines": []}, "TestPipelineMovement.test_pipeline_sync_on_save": {"executed_lines": [713, 718, 719, 720, 723, 728, 729, 730, 733, 736, 737], "summary": {"covered_lines": 11, "num_statements": 11, "percent_covered": 100.0, "percent_covered_display": "100", "missing_lines": 0, "excluded_lines": 0}, "missing_lines": [], "excluded_lines": []}, "TestPipelineMovement.test_move_within_same_pipeline": {"executed_lines": [741, 746, 749, 754, 755, 757, 758, 759, 762, 763, 766, 767, 768, 771, 772, 773], "summary": {"covered_lines": 16, "num_statements": 16, "percent_covered": 100.0, "percent_covered_display": "100", "missing_lines": 0, "excluded_lines": 0}, "missing_lines": [], "excluded_lines": []}, "TestPipelineMovement.test_move_across_pipelines": {"executed_lines": [777, 782, 785, 790, 791, 792, 794, 795, 798, 799, 800, 801, 804, 807, 808, 809], "summary": {"covered_lines": 16, "num_statements": 16, "percent_covered": 100.0, "percent_covered_display": "100", "missing_lines": 0, "excluded_lines": 0}, "missing_lines": [], "excluded_lines": []}, "TestPipelineMovement.test_pipeline_movement_with_approval_flow": {"executed_lines": [822, 823, 826, 835, 843, 857, 872, 880, 894, 908, 909, 910, 913, 919, 924, 927, 928, 929, 930, 932, 933, 934, 936, 937, 938, 940, 941, 942, 943, 946, 947, 948, 951, 952, 957, 961, 963, 968, 969, 972, 973, 974, 975, 976, 979, 984, 989, 990, 993, 994, 997, 998, 999, 1002, 1007, 1012, 1013, 1016, 1017, 1018, 1019, 1020, 1023, 1028, 1033, 1034, 1037, 1038, 1039, 1040], "summary": {"covered_lines": 70, "num_statements": 70, "percent_covered": 100.0, "percent_covered_display": "100", "missing_lines": 0, "excluded_lines": 0}, "missing_lines": [], "excluded_lines": []}, "TestWorkflowCompletion.workflow_with_one_pipeline": {"executed_lines": [1050, 1058, 1066, 1080, 1094, 1097, 1098, 1100], "summary": {"covered_lines": 8, "num_statements": 8, "percent_covered": 100.0, "percent_covered_display": "100", "missing_lines": 0, "excluded_lines": 0}, "missing_lines": [], "excluded_lines": []}, "TestWorkflowCompletion.test_next_stage_returns_none_at_end": {"executed_lines": [1111, 1116, 1117, 1118, 1121, 1126, 1127, 1128, 1129, 1132, 1135], "summary": {"covered_lines": 11, "num_statements": 11, "percent_covered": 100.0, "percent_covered_display": "100", "missing_lines": 0, "excluded_lines": 0}, "missing_lines": [], "excluded_lines": []}, "TestWorkflowCompletion.test_workflow_completes_after_last_stage": {"executed_lines": [1141, 1146, 1147, 1148, 1151, 1156, 1157, 1158, 1159, 1162, 1165, 1166, 1167, 1168], "summary": {"covered_lines": 14, "num_statements": 14, "percent_covered": 100.0, "percent_covered_display": "100", "missing_lines": 0, "excluded_lines": 0}, "missing_lines": [], "excluded_lines": []}, "TestFormEnrichmentIntegration.workflow_with_form": {"executed_lines": [1178, 1186, 1195, 1226, 1229, 1230, 1232], "summary": {"covered_lines": 7, "num_statements": 7, "percent_covered": 100.0, "percent_covered_display": "100", "missing_lines": 0, "excluded_lines": 0}, "missing_lines": [], "excluded_lines": []}, "TestFormEnrichmentIntegration.test_serializer_enriches_form_data": {"executed_lines": [1240, 1245, 1246, 1249, 1252, 1253, 1254, 1257, 1258, 1259, 1262, 1269, 1279, 1281, 1282, 1283, 1285, 1286, 1287, 1290, 1293, 1294, 1297, 1298, 1299, 1300, 1301, 1304, 1305, 1306], "summary": {"covered_lines": 30, "num_statements": 30, "percent_covered": 100.0, "percent_covered_display": "100", "missing_lines": 0, "excluded_lines": 0}, "missing_lines": [], "excluded_lines": []}, "": {"executed_lines": [1, 8, 9, 10, 11, 13, 14, 16, 17, 18, 19, 24, 25, 27, 30, 31, 40, 41, 42, 44, 58, 83, 107, 131, 147, 175, 188, 235, 275, 305, 367, 368, 369, 371, 372, 412, 435, 470, 606, 607, 608, 610, 611, 711, 739, 775, 811, 1043, 1044, 1045, 1047, 1048, 1107, 1137, 1171, 1172, 1173, 1175, 1176, 1238], "summary": {"covered_lines": 54, "num_statements": 54, "percent_covered": 100.0, "percent_covered_display": "100", "missing_lines": 0, "excluded_lines": 0}, "missing_lines": [], "excluded_lines": []}}, "classes": {"TestFormEnrichment": {"executed_lines": [46, 50, 52, 54, 55, 56, 60, 75, 77, 79, 80, 81, 85, 100, 102, 104, 105, 109, 124, 126, 128, 129, 133, 137, 139, 141, 142, 143, 144, 145, 149, 154, 157, 160, 161, 162, 165, 169, 170, 172, 173, 177, 181, 183, 185, 186, 190, 211, 214, 216, 219, 220, 221, 222, 225, 228, 229, 230, 232, 233, 237, 254, 256, 258, 261, 262, 263, 264, 266, 268, 269, 270, 272, 273, 277, 295, 297, 299, 302, 303, 307, 334, 340, 342, 345, 346, 347, 348, 349, 351, 353, 354, 357, 361], "summary": {"covered_lines": 94, "num_statements": 94, "percent_covered": 100.0, "percent_covered_display": "100", "missing_lines": 0, "excluded_lines": 0}, "missing_lines": [], "excluded_lines": []}, "TestProgressCalculation": {"executed_lines": [374, 383, 391, 392, 406, 407, 408, 410, 416, 422, 427, 428, 429, 430, 433, 437, 443, 448, 458, 461, 464, 465, 468, 473, 483, 491, 505, 520, 528, 542, 556, 557, 558, 561, 566, 571, 572, 573, 576, 577, 578, 579, 580, 583, 584, 585, 588, 589, 590, 591, 594, 595, 596, 599, 600, 601, 602, 603], "summary": {"covered_lines": 58, "num_statements": 63, "percent_covered": 92.06349206349206, "percent_covered_display": "92", "missing_lines": 5, "excluded_lines": 0}, "missing_lines": [449, 452, 453, 454, 455], "excluded_lines": []}, "TestPipelineMovement": {"executed_lines": [613, 622, 630, 644, 659, 667, 681, 695, 698, 699, 701, 713, 718, 719, 720, 723, 728, 729, 730, 733, 736, 737, 741, 746, 749, 754, 755, 757, 758, 759, 762, 763, 766, 767, 768, 771, 772, 773, 777, 782, 785, 790, 791, 792, 794, 795, 798, 799, 800, 801, 804, 807, 808, 809, 822, 823, 826, 835, 843, 857, 872, 880, 894, 908, 909, 910, 913, 919, 924, 927, 928, 929, 930, 932, 933, 934, 936, 937, 938, 940, 941, 942, 943, 946, 947, 948, 951, 952, 957, 961, 963, 968, 969, 972, 973, 974, 975, 976, 979, 984, 989, 990, 993, 994, 997, 998, 999, 1002, 1007, 1012, 1013, 1016, 1017, 1018, 1019, 1020, 1023, 1028, 1033, 1034, 1037, 1038, 1039, 1040], "summary": {"covered_lines": 124, "num_statements": 124, "percent_covered": 100.0, "percent_covered_display": "100", "missing_lines": 0, "excluded_lines": 0}, "missing_lines": [], "excluded_lines": []}, "TestWorkflowCompletion": {"executed_lines": [1050, 1058, 1066, 1080, 1094, 1097, 1098, 1100, 1111, 1116, 1117, 1118, 1121, 1126, 1127, 1128, 1129, 1132, 1135, 1141, 1146, 1147, 1148, 1151, 1156, 1157, 1158, 1159, 1162, 1165, 1166, 1167, 1168], "summary": {"covered_lines": 33, "num_statements": 33, "percent_covered": 100.0, "percent_covered_display": "100", "missing_lines": 0, "excluded_lines": 0}, "missing_lines": [], "excluded_lines": []}, "TestFormEnrichmentIntegration": {"executed_lines": [1178, 1186, 1195, 1226, 1229, 1230, 1232, 1240, 1245, 1246, 1249, 1252, 1253, 1254, 1257, 1258, 1259, 1262, 1269, 1279, 1281, 1282, 1283, 1285, 1286, 1287, 1290, 1293, 1294, 1297, 1298, 1299, 1300, 1301, 1304, 1305, 1306], "summary": {"covered_lines": 37, "num_statements": 37, "percent_covered": 100.0, "percent_covered_display": "100", "missing_lines": 0, "excluded_lines": 0}, "missing_lines": [], "excluded_lines": []}, "": {"executed_lines": [1, 8, 9, 10, 11, 13, 14, 16, 17, 18, 19, 24, 25, 27, 30, 31, 33, 40, 41, 42, 44, 58, 83, 107, 131, 147, 175, 188, 235, 275, 305, 367, 368, 369, 371, 372, 412, 435, 470, 606, 607, 608, 610, 611, 711, 739, 775, 811, 1043, 1044, 1045, 1047, 1048, 1107, 1137, 1171, 1172, 1173, 1175, 1176, 1238], "summary": {"covered_lines": 55, "num_statements": 55, "percent_covered": 100.0, "percent_covered_display": "100", "missing_lines": 0, "excluded_lines": 0}, "missing_lines": [], "excluded_lines": []}}}, "tests/test_workflow_strategies.py": {"executed_lines": [1, 10, 12, 13, 15, 16, 18, 23, 24, 25, 29, 31, 34, 35, 37, 40, 43, 44, 45, 46, 49, 54, 56, 57, 58, 60, 64, 75, 84, 102, 120, 137, 140, 149, 150, 151, 154, 159, 163, 164, 171, 172, 173, 176, 179, 180, 182, 183, 188, 189, 192, 193, 194, 195, 200, 201, 208, 211, 212, 214, 215, 220, 221, 224, 225, 226, 227, 232, 233, 240, 243, 244, 246, 247, 252, 253, 256, 257, 262, 263, 264, 267, 268, 269, 270, 273, 274, 276, 279, 282, 283, 284, 285, 288, 293, 295, 296, 297, 299, 303, 314, 332, 350, 367, 370, 379, 380, 381, 384, 389, 392, 395, 396, 398, 399, 404, 405, 408, 409, 413, 416, 417, 419, 420, 425, 426, 429, 430, 433, 436, 439, 441, 442, 447, 448, 451, 452, 457, 458, 459, 462, 463, 464, 465, 468, 469, 471, 474, 477, 478, 479, 480, 481, 484, 489, 491, 492, 493, 495, 499, 510, 519, 537, 555, 564, 582, 599, 602, 611, 612, 613, 616, 621, 624, 627, 628, 630, 631, 636, 637, 640, 641, 644, 647, 648, 650, 651, 656, 657, 660, 661, 664, 667, 668, 670, 671, 676, 677, 680, 681, 684, 687, 688, 690, 691, 696, 697, 700, 701, 706, 707, 708, 711, 712, 713, 714], "summary": {"covered_lines": 212, "num_statements": 212, "percent_covered": 100.0, "percent_covered_display": "100", "missing_lines": 0, "excluded_lines": 0}, "missing_lines": [], "excluded_lines": [], "functions": {"WorkflowStrategy1Test.setUp": {"executed_lines": [40, 43, 44, 45, 46, 49], "summary": {"covered_lines": 6, "num_statements": 6, "percent_covered": 100.0, "percent_covered_display": "100", "missing_lines": 0, "excluded_lines": 0}, "missing_lines": [], "excluded_lines": []}, "WorkflowStrategy1Test._create_mock_request": {"executed_lines": [56, 57, 58], "summary": {"covered_lines": 3, "num_statements": 3, "percent_covered": 100.0, "percent_covered_display": "100", "missing_lines": 0, "excluded_lines": 0}, "missing_lines": [], "excluded_lines": []}, "WorkflowStrategy1Test.test_strategy_1_workflow_complete_flow": {"executed_lines": [64, 75, 84, 102, 120, 137, 140, 149, 150, 151, 154, 159, 163, 164, 171, 172, 173, 176, 179, 180, 182, 183, 188, 189, 192, 193, 194, 195, 200, 201, 208, 211, 212, 214, 215, 220, 221, 224, 225, 226, 227, 232, 233, 240, 243, 244, 246, 247, 252, 253, 256, 257, 262, 263, 264, 267, 268, 269, 270], "summary": {"covered_lines": 59, "num_statements": 59, "percent_covered": 100.0, "percent_covered_display": "100", "missing_lines": 0, "excluded_lines": 0}, "missing_lines": [], "excluded_lines": []}, "WorkflowStrategy2Test.setUp": {"executed_lines": [279, 282, 283, 284, 285, 288], "summary": {"covered_lines": 6, "num_statements": 6, "percent_covered": 100.0, "percent_covered_display": "100", "missing_lines": 0, "excluded_lines": 0}, "missing_lines": [], "excluded_lines": []}, "WorkflowStrategy2Test._create_mock_request": {"executed_lines": [295, 296, 297], "summary": {"covered_lines": 3, "num_statements": 3, "percent_covered": 100.0, "percent_covered_display": "100", "missing_lines": 0, "excluded_lines": 0}, "missing_lines": [], "excluded_lines": []}, "WorkflowStrategy2Test.test_strategy_2_workflow_complete_flow": {"executed_lines": [303, 314, 332, 350, 367, 370, 379, 380, 381, 384, 389, 392, 395, 396, 398, 399, 404, 405, 408, 409, 413, 416, 417, 419, 420, 425, 426, 429, 430, 433, 436, 439, 441, 442, 447, 448, 451, 452, 457, 458, 459, 462, 463, 464, 465], "summary": {"covered_lines": 45, "num_statements": 45, "percent_covered": 100.0, "percent_covered_display": "100", "missing_lines": 0, "excluded_lines": 0}, "missing_lines": [], "excluded_lines": []}, "WorkflowStrategy3Test.setUp": {"executed_lines": [474, 477, 478, 479, 480, 481, 484], "summary": {"covered_lines": 7, "num_statements": 7, "percent_covered": 100.0, "percent_covered_display": "100", "missing_lines": 0, "excluded_lines": 0}, "missing_lines": [], "excluded_lines": []}, "WorkflowStrategy3Test._create_mock_request": {"executed_lines": [491, 492, 493], "summary": {"covered_lines": 3, "num_statements": 3, "percent_covered": 100.0, "percent_covered_display": "100", "missing_lines": 0, "excluded_lines": 0}, "missing_lines": [], "excluded_lines": []}, "WorkflowStrategy3Test.test_strategy_3_workflow_complete_flow": {"executed_lines": [499, 510, 519, 537, 555, 564, 582, 599, 602, 611, 612, 613, 616, 621, 624, 627, 628, 630, 631, 636, 637, 640, 641, 644, 647, 648, 650, 651, 656, 657, 660, 661, 664, 667, 668, 670, 671, 676, 677, 680, 681, 684, 687, 688, 690, 691, 696, 697, 700, 701, 706, 707, 708, 711, 712, 713, 714], "summary": {"covered_lines": 57, "num_statements": 57, "percent_covered": 100.0, "percent_covered_display": "100", "missing_lines": 0, "excluded_lines": 0}, "missing_lines": [], "excluded_lines": []}, "": {"executed_lines": [1, 10, 12, 13, 15, 16, 18, 23, 24, 25, 29, 31, 34, 35, 37, 54, 60, 273, 274, 276, 293, 299, 468, 469, 471, 489, 495], "summary": {"covered_lines": 23, "num_statements": 23, "percent_covered": 100.0, "percent_covered_display": "100", "missing_lines": 0, "excluded_lines": 0}, "missing_lines": [], "excluded_lines": []}}, "classes": {"WorkflowStrategy1Test": {"executed_lines": [40, 43, 44, 45, 46, 49, 56, 57, 58, 64, 75, 84, 102, 120, 137, 140, 149, 150, 151, 154, 159, 163, 164, 171, 172, 173, 176, 179, 180, 182, 183, 188, 189, 192, 193, 194, 195, 200, 201, 208, 211, 212, 214, 215, 220, 221, 224, 225, 226, 227, 232, 233, 240, 243, 244, 246, 247, 252, 253, 256, 257, 262, 263, 264, 267, 268, 269, 270], "summary": {"covered_lines": 68, "num_statements": 68, "percent_covered": 100.0, "percent_covered_display": "100", "missing_lines": 0, "excluded_lines": 0}, "missing_lines": [], "excluded_lines": []}, "WorkflowStrategy2Test": {"executed_lines": [279, 282, 283, 284, 285, 288, 295, 296, 297, 303, 314, 332, 350, 367, 370, 379, 380, 381, 384, 389, 392, 395, 396, 398, 399, 404, 405, 408, 409, 413, 416, 417, 419, 420, 425, 426, 429, 430, 433, 436, 439, 441, 442, 447, 448, 451, 452, 457, 458, 459, 462, 463, 464, 465], "summary": {"covered_lines": 54, "num_statements": 54, "percent_covered": 100.0, "percent_covered_display": "100", "missing_lines": 0, "excluded_lines": 0}, "missing_lines": [], "excluded_lines": []}, "WorkflowStrategy3Test": {"executed_lines": [474, 477, 478, 479, 480, 481, 484, 491, 492, 493, 499, 510, 519, 537, 555, 564, 582, 599, 602, 611, 612, 613, 616, 621, 624, 627, 628, 630, 631, 636, 637, 640, 641, 644, 647, 648, 650, 651, 656, 657, 660, 661, 664, 667, 668, 670, 671, 676, 677, 680, 681, 684, 687, 688, 690, 691, 696, 697, 700, 701, 706, 707, 708, 711, 712, 713, 714], "summary": {"covered_lines": 67, "num_statements": 67, "percent_covered": 100.0, "percent_covered_display": "100", "missing_lines": 0, "excluded_lines": 0}, "missing_lines": [], "excluded_lines": []}, "": {"executed_lines": [1, 10, 12, 13, 15, 16, 18, 23, 24, 25, 29, 31, 34, 35, 37, 54, 60, 273, 274, 276, 293, 299, 468, 469, 471, 489, 495], "summary": {"covered_lines": 23, "num_statements": 23, "percent_covered": 100.0, "percent_covered_display": "100", "missing_lines": 0, "excluded_lines": 0}, "missing_lines": [], "excluded_lines": []}}}}, "totals": {"covered_lines": 11614, "num_statements": 12619, "percent_covered": 92.03581900309058, "percent_covered_display": "92", "missing_lines": 1005, "excluded_lines": 3}}